Started GET "/" for 127.0.0.1 at 2018-07-20 19:53:36 +0900
Processing by HomeController#index as HTML
  Rendering home/index.html.erb within layouts/application
  Rendered home/index.html.erb within layouts/application (14.5ms)
Completed 200 OK in 2405ms (Views: 2054.0ms | ActiveRecord: 0.0ms)


Started GET "/" for 127.0.0.1 at 2018-07-20 19:58:15 +0900
Processing by HomeController#index as HTML
  Rendering home/index.html.erb within layouts/application
  Rendered home/index.html.erb within layouts/application (1.2ms)
Completed 500 Internal Server Error in 94ms (ActiveRecord: 0.0ms)


  
SyntaxError (/mnt/c/Users/Hyejin/Desktop/myapp2/day2_2/app/views/home/index.html.erb:4: unknown regexp option - p
/mnt/c/Users/Hyejin/Desktop/myapp2/day2_2/app/views/home/index.html.erb:4: unmatched close parenthesis: /img));@output_buffer.safe_append='</
/mnt/c/Users/Hyejin/Desktop/myapp2/day2_2/app/views/home/index.html.erb:5: syntax error, unexpected '<'
    </div>
     ^
/mnt/c/Users/Hyejin/Desktop/myapp2/day2_2/app/views/home/index.html.erb:5: unterminated regexp meets end of file):
  
app/views/home/index.html.erb:4: unknown regexp option - p
app/views/home/index.html.erb:4: unmatched close parenthesis: /img));@output_buffer.safe_append='</
app/views/home/index.html.erb:5: syntax error, unexpected '<'
app/views/home/index.html.erb:5: unterminated regexp meets end of file
  Rendering /home/hyezzi/.rbenv/versions/2.4.0/lib/ruby/gems/2.4.0/gems/actionpack-5.0.7/lib/action_dispatch/middleware/templates/rescues/diagnostics.html.erb within rescues/layout
  Rendering /home/hyezzi/.rbenv/versions/2.4.0/lib/ruby/gems/2.4.0/gems/actionpack-5.0.7/lib/action_dispatch/middleware/templates/rescues/_source.html.erb
  Rendered /home/hyezzi/.rbenv/versions/2.4.0/lib/ruby/gems/2.4.0/gems/actionpack-5.0.7/lib/action_dispatch/middleware/templates/rescues/_source.html.erb (4.3ms)
  Rendering /home/hyezzi/.rbenv/versions/2.4.0/lib/ruby/gems/2.4.0/gems/actionpack-5.0.7/lib/action_dispatch/middleware/templates/rescues/_trace.html.erb
  Rendered /home/hyezzi/.rbenv/versions/2.4.0/lib/ruby/gems/2.4.0/gems/actionpack-5.0.7/lib/action_dispatch/middleware/templates/rescues/_trace.html.erb (2.2ms)
  Rendering /home/hyezzi/.rbenv/versions/2.4.0/lib/ruby/gems/2.4.0/gems/actionpack-5.0.7/lib/action_dispatch/middleware/templates/rescues/_request_and_response.html.erb
  Rendered /home/hyezzi/.rbenv/versions/2.4.0/lib/ruby/gems/2.4.0/gems/actionpack-5.0.7/lib/action_dispatch/middleware/templates/rescues/_request_and_response.html.erb (0.9ms)
  Rendered /home/hyezzi/.rbenv/versions/2.4.0/lib/ruby/gems/2.4.0/gems/actionpack-5.0.7/lib/action_dispatch/middleware/templates/rescues/diagnostics.html.erb within rescues/layout (233.0ms)
Started GET "/" for 127.0.0.1 at 2018-07-20 19:58:52 +0900
Processing by HomeController#index as HTML
  Rendering home/index.html.erb within layouts/application
  Rendered home/index.html.erb within layouts/application (0.6ms)
Completed 500 Internal Server Error in 117ms (ActiveRecord: 0.0ms)


  
SyntaxError (/mnt/c/Users/Hyejin/Desktop/myapp2/day2_2/app/views/home/index.html.erb:4: unknown regexp option - p
/mnt/c/Users/Hyejin/Desktop/myapp2/day2_2/app/views/home/index.html.erb:4: unmatched close parenthesis: /img).inner_text);@output_buffer.safe_append='</
/mnt/c/Users/Hyejin/Desktop/myapp2/day2_2/app/views/home/index.html.erb:5: syntax error, unexpected '<'
    </div>
     ^
/mnt/c/Users/Hyejin/Desktop/myapp2/day2_2/app/views/home/index.html.erb:5: unterminated regexp meets end of file):
  
app/views/home/index.html.erb:4: unknown regexp option - p
app/views/home/index.html.erb:4: unmatched close parenthesis: /img).inner_text);@output_buffer.safe_append='</
app/views/home/index.html.erb:5: syntax error, unexpected '<'
app/views/home/index.html.erb:5: unterminated regexp meets end of file
  Rendering /home/hyezzi/.rbenv/versions/2.4.0/lib/ruby/gems/2.4.0/gems/actionpack-5.0.7/lib/action_dispatch/middleware/templates/rescues/diagnostics.html.erb within rescues/layout
  Rendering /home/hyezzi/.rbenv/versions/2.4.0/lib/ruby/gems/2.4.0/gems/actionpack-5.0.7/lib/action_dispatch/middleware/templates/rescues/_source.html.erb
  Rendered /home/hyezzi/.rbenv/versions/2.4.0/lib/ruby/gems/2.4.0/gems/actionpack-5.0.7/lib/action_dispatch/middleware/templates/rescues/_source.html.erb (6.0ms)
  Rendering /home/hyezzi/.rbenv/versions/2.4.0/lib/ruby/gems/2.4.0/gems/actionpack-5.0.7/lib/action_dispatch/middleware/templates/rescues/_trace.html.erb
  Rendered /home/hyezzi/.rbenv/versions/2.4.0/lib/ruby/gems/2.4.0/gems/actionpack-5.0.7/lib/action_dispatch/middleware/templates/rescues/_trace.html.erb (125.3ms)
  Rendering /home/hyezzi/.rbenv/versions/2.4.0/lib/ruby/gems/2.4.0/gems/actionpack-5.0.7/lib/action_dispatch/middleware/templates/rescues/_request_and_response.html.erb
  Rendered /home/hyezzi/.rbenv/versions/2.4.0/lib/ruby/gems/2.4.0/gems/actionpack-5.0.7/lib/action_dispatch/middleware/templates/rescues/_request_and_response.html.erb (0.6ms)
  Rendered /home/hyezzi/.rbenv/versions/2.4.0/lib/ruby/gems/2.4.0/gems/actionpack-5.0.7/lib/action_dispatch/middleware/templates/rescues/diagnostics.html.erb within rescues/layout (257.4ms)
Started GET "/" for 127.0.0.1 at 2018-07-20 19:59:38 +0900
Processing by HomeController#index as HTML
  Rendering home/index.html.erb within layouts/application
  Rendered home/index.html.erb within layouts/application (1.2ms)
Completed 200 OK in 131ms (Views: 67.9ms | ActiveRecord: 0.0ms)


Started GET "/" for 127.0.0.1 at 2018-07-20 20:00:54 +0900
Processing by HomeController#index as HTML
  Rendering home/index.html.erb within layouts/application
  Rendered home/index.html.erb within layouts/application (1.3ms)
Completed 200 OK in 134ms (Views: 68.0ms | ActiveRecord: 0.0ms)


Started GET "/" for 127.0.0.1 at 2018-07-20 20:02:50 +0900
Processing by HomeController#index as HTML
  Rendering home/index.html.erb within layouts/application
  Rendered home/index.html.erb within layouts/application (1.2ms)
Completed 200 OK in 137ms (Views: 60.1ms | ActiveRecord: 0.0ms)


Started GET "/" for 127.0.0.1 at 2018-07-20 20:04:53 +0900
Processing by HomeController#index as HTML
  Rendering home/index.html.erb within layouts/application
  Rendered home/index.html.erb within layouts/application (1.2ms)
Completed 200 OK in 127ms (Views: 66.3ms | ActiveRecord: 0.0ms)


Started GET "/" for 127.0.0.1 at 2018-07-20 20:04:55 +0900
Processing by HomeController#index as HTML
  Rendering home/index.html.erb within layouts/application
  Rendered home/index.html.erb within layouts/application (1.5ms)
Completed 200 OK in 127ms (Views: 64.5ms | ActiveRecord: 0.0ms)


Started GET "/" for 127.0.0.1 at 2018-07-20 20:05:03 +0900
Processing by HomeController#index as HTML
  Rendering home/index.html.erb within layouts/application
  Rendered home/index.html.erb within layouts/application (0.8ms)
Completed 200 OK in 118ms (Views: 58.9ms | ActiveRecord: 0.0ms)


Started GET "/" for 127.0.0.1 at 2018-07-20 20:07:35 +0900
Processing by HomeController#index as HTML
Completed 500 Internal Server Error in 1191ms (ActiveRecord: 0.0ms)


  
NameError (undefined local variable or method `r' for #<HomeController:0x007fce8863d478>):
  
app/controllers/home_controller.rb:11:in `index'
  Rendering /home/hyezzi/.rbenv/versions/2.4.0/lib/ruby/gems/2.4.0/gems/actionpack-5.0.7/lib/action_dispatch/middleware/templates/rescues/diagnostics.html.erb within rescues/layout
  Rendering /home/hyezzi/.rbenv/versions/2.4.0/lib/ruby/gems/2.4.0/gems/actionpack-5.0.7/lib/action_dispatch/middleware/templates/rescues/_source.html.erb
  Rendered /home/hyezzi/.rbenv/versions/2.4.0/lib/ruby/gems/2.4.0/gems/actionpack-5.0.7/lib/action_dispatch/middleware/templates/rescues/_source.html.erb (2.1ms)
  Rendering /home/hyezzi/.rbenv/versions/2.4.0/lib/ruby/gems/2.4.0/gems/actionpack-5.0.7/lib/action_dispatch/middleware/templates/rescues/_trace.html.erb
  Rendered /home/hyezzi/.rbenv/versions/2.4.0/lib/ruby/gems/2.4.0/gems/actionpack-5.0.7/lib/action_dispatch/middleware/templates/rescues/_trace.html.erb (1.9ms)
  Rendering /home/hyezzi/.rbenv/versions/2.4.0/lib/ruby/gems/2.4.0/gems/actionpack-5.0.7/lib/action_dispatch/middleware/templates/rescues/_request_and_response.html.erb
  Rendered /home/hyezzi/.rbenv/versions/2.4.0/lib/ruby/gems/2.4.0/gems/actionpack-5.0.7/lib/action_dispatch/middleware/templates/rescues/_request_and_response.html.erb (0.7ms)
  Rendered /home/hyezzi/.rbenv/versions/2.4.0/lib/ruby/gems/2.4.0/gems/actionpack-5.0.7/lib/action_dispatch/middleware/templates/rescues/diagnostics.html.erb within rescues/layout (389.1ms)
Started GET "/" for 127.0.0.1 at 2018-07-20 20:08:02 +0900
Processing by HomeController#index as HTML
  Rendering home/index.html.erb within layouts/application
  Rendered home/index.html.erb within layouts/application (0.9ms)
Completed 200 OK in 135ms (Views: 65.5ms | ActiveRecord: 0.0ms)


Started GET "/" for 127.0.0.1 at 2018-07-20 20:08:42 +0900
Processing by HomeController#index as HTML
  Rendering home/index.html.erb within layouts/application
  Rendered home/index.html.erb within layouts/application (1.8ms)
Completed 200 OK in 135ms (Views: 67.6ms | ActiveRecord: 0.0ms)


Started GET "/" for 127.0.0.1 at 2018-07-20 20:08:59 +0900
Processing by HomeController#index as HTML
  Rendering home/index.html.erb within layouts/application
  Rendered home/index.html.erb within layouts/application (0.7ms)
Completed 200 OK in 324ms (Views: 63.5ms | ActiveRecord: 0.0ms)


Started GET "/" for 127.0.0.1 at 2018-07-20 20:09:41 +0900
Processing by HomeController#index as HTML
  Rendering home/index.html.erb within layouts/application
  Rendered home/index.html.erb within layouts/application (1.6ms)
Completed 200 OK in 5205ms (Views: 88.1ms | ActiveRecord: 0.0ms)


Started GET "/" for 127.0.0.1 at 2018-07-20 20:26:25 +0900
Processing by HomeController#index as HTML
  Rendering home/index.html.erb within layouts/application
  Rendered home/index.html.erb within layouts/application (0.6ms)
Completed 500 Internal Server Error in 89ms (ActiveRecord: 0.0ms)


  
SyntaxError (/mnt/c/Users/Hyejin/Desktop/myapp2/day2_2/app/views/home/index.html.erb:9: syntax error, unexpected keyword_end, expecting ')'
'.freeze; end ;@output_buffer.to_s
             ^
/mnt/c/Users/Hyejin/Desktop/myapp2/day2_2/app/views/home/index.html.erb:10: syntax error, unexpected keyword_ensure, expecting ')'
          ensure
                ^
/mnt/c/Users/Hyejin/Desktop/myapp2/day2_2/app/views/home/index.html.erb:12: syntax error, unexpected keyword_end, expecting ')'
          end
             ^):
  
app/views/home/index.html.erb:9: syntax error, unexpected keyword_end, expecting ')'
app/views/home/index.html.erb:10: syntax error, unexpected keyword_ensure, expecting ')'
app/views/home/index.html.erb:12: syntax error, unexpected keyword_end, expecting ')'
  Rendering /home/hyezzi/.rbenv/versions/2.4.0/lib/ruby/gems/2.4.0/gems/actionpack-5.0.7/lib/action_dispatch/middleware/templates/rescues/diagnostics.html.erb within rescues/layout
  Rendering /home/hyezzi/.rbenv/versions/2.4.0/lib/ruby/gems/2.4.0/gems/actionpack-5.0.7/lib/action_dispatch/middleware/templates/rescues/_source.html.erb
  Rendered /home/hyezzi/.rbenv/versions/2.4.0/lib/ruby/gems/2.4.0/gems/actionpack-5.0.7/lib/action_dispatch/middleware/templates/rescues/_source.html.erb (4.5ms)
  Rendering /home/hyezzi/.rbenv/versions/2.4.0/lib/ruby/gems/2.4.0/gems/actionpack-5.0.7/lib/action_dispatch/middleware/templates/rescues/_trace.html.erb
  Rendered /home/hyezzi/.rbenv/versions/2.4.0/lib/ruby/gems/2.4.0/gems/actionpack-5.0.7/lib/action_dispatch/middleware/templates/rescues/_trace.html.erb (1.6ms)
  Rendering /home/hyezzi/.rbenv/versions/2.4.0/lib/ruby/gems/2.4.0/gems/actionpack-5.0.7/lib/action_dispatch/middleware/templates/rescues/_request_and_response.html.erb
  Rendered /home/hyezzi/.rbenv/versions/2.4.0/lib/ruby/gems/2.4.0/gems/actionpack-5.0.7/lib/action_dispatch/middleware/templates/rescues/_request_and_response.html.erb (0.7ms)
  Rendered /home/hyezzi/.rbenv/versions/2.4.0/lib/ruby/gems/2.4.0/gems/actionpack-5.0.7/lib/action_dispatch/middleware/templates/rescues/diagnostics.html.erb within rescues/layout (139.9ms)
Started GET "/" for 127.0.0.1 at 2018-07-20 20:26:52 +0900
Processing by HomeController#index as HTML
  Rendering home/index.html.erb within layouts/application
  Rendered home/index.html.erb within layouts/application (1.0ms)
Completed 500 Internal Server Error in 101ms (ActiveRecord: 0.0ms)


  
SyntaxError (/mnt/c/Users/Hyejin/Desktop/myapp2/day2_2/app/views/home/index.html.erb:9: syntax error, unexpected keyword_end, expecting ')'
'.freeze; end ;@output_buffer.to_s
             ^
/mnt/c/Users/Hyejin/Desktop/myapp2/day2_2/app/views/home/index.html.erb:10: syntax error, unexpected keyword_ensure, expecting ')'
          ensure
                ^
/mnt/c/Users/Hyejin/Desktop/myapp2/day2_2/app/views/home/index.html.erb:12: syntax error, unexpected keyword_end, expecting ')'
          end
             ^):
  
app/views/home/index.html.erb:9: syntax error, unexpected keyword_end, expecting ')'
app/views/home/index.html.erb:10: syntax error, unexpected keyword_ensure, expecting ')'
app/views/home/index.html.erb:12: syntax error, unexpected keyword_end, expecting ')'
  Rendering /home/hyezzi/.rbenv/versions/2.4.0/lib/ruby/gems/2.4.0/gems/actionpack-5.0.7/lib/action_dispatch/middleware/templates/rescues/diagnostics.html.erb within rescues/layout
  Rendering /home/hyezzi/.rbenv/versions/2.4.0/lib/ruby/gems/2.4.0/gems/actionpack-5.0.7/lib/action_dispatch/middleware/templates/rescues/_source.html.erb
  Rendered /home/hyezzi/.rbenv/versions/2.4.0/lib/ruby/gems/2.4.0/gems/actionpack-5.0.7/lib/action_dispatch/middleware/templates/rescues/_source.html.erb (5.4ms)
  Rendering /home/hyezzi/.rbenv/versions/2.4.0/lib/ruby/gems/2.4.0/gems/actionpack-5.0.7/lib/action_dispatch/middleware/templates/rescues/_trace.html.erb
  Rendered /home/hyezzi/.rbenv/versions/2.4.0/lib/ruby/gems/2.4.0/gems/actionpack-5.0.7/lib/action_dispatch/middleware/templates/rescues/_trace.html.erb (2.2ms)
  Rendering /home/hyezzi/.rbenv/versions/2.4.0/lib/ruby/gems/2.4.0/gems/actionpack-5.0.7/lib/action_dispatch/middleware/templates/rescues/_request_and_response.html.erb
  Rendered /home/hyezzi/.rbenv/versions/2.4.0/lib/ruby/gems/2.4.0/gems/actionpack-5.0.7/lib/action_dispatch/middleware/templates/rescues/_request_and_response.html.erb (0.9ms)
  Rendered /home/hyezzi/.rbenv/versions/2.4.0/lib/ruby/gems/2.4.0/gems/actionpack-5.0.7/lib/action_dispatch/middleware/templates/rescues/diagnostics.html.erb within rescues/layout (229.9ms)
Started GET "/" for 127.0.0.1 at 2018-07-20 20:27:36 +0900
Processing by HomeController#index as HTML
  Rendering home/index.html.erb within layouts/application
  Rendered home/index.html.erb within layouts/application (3.1ms)
Completed 200 OK in 142ms (Views: 71.7ms | ActiveRecord: 0.0ms)


Started GET "/" for 127.0.0.1 at 2018-07-20 20:29:59 +0900
Processing by HomeController#index as HTML
  Rendering home/index.html.erb within layouts/application
  Rendered home/index.html.erb within layouts/application (26.0ms)
Completed 200 OK in 264ms (Views: 183.3ms | ActiveRecord: 0.0ms)


Started GET "/" for 127.0.0.1 at 2018-07-20 20:30:43 +0900
Processing by HomeController#index as HTML
  Rendering home/index.html.erb within layouts/application
  Rendered home/index.html.erb within layouts/application (6.5ms)
Completed 200 OK in 147ms (Views: 78.8ms | ActiveRecord: 0.0ms)


Started GET "/" for 127.0.0.1 at 2018-07-21 00:26:55 +0900
Started GET "/" for 127.0.0.1 at 2018-07-21 00:26:57 +0900
Processing by HomeController#index as HTML
Processing by HomeController#index as HTML
  Rendering home/index.html.erb within layouts/application
  Rendered home/index.html.erb within layouts/application (32.7ms)
  Rendering home/index.html.erb within layouts/application
  Rendered home/index.html.erb within layouts/application (10.7ms)
Completed 200 OK in 2818ms (Views: 2040.7ms | ActiveRecord: 0.0ms)


Completed 200 OK in 2850ms (Views: 2128.4ms | ActiveRecord: 0.0ms)


Started GET "/r.css('a//img').attr('src')" for 127.0.0.1 at 2018-07-21 00:27:00 +0900
  
ActionController::RoutingError (No route matches [GET] "/r.css('a/img').attr('src')"):
  
actionpack (5.0.7) lib/action_dispatch/middleware/debug_exceptions.rb:53:in `call'
web-console (3.6.2) lib/web_console/middleware.rb:135:in `call_app'
web-console (3.6.2) lib/web_console/middleware.rb:30:in `block in call'
web-console (3.6.2) lib/web_console/middleware.rb:20:in `catch'
web-console (3.6.2) lib/web_console/middleware.rb:20:in `call'
actionpack (5.0.7) lib/action_dispatch/middleware/show_exceptions.rb:31:in `call'
railties (5.0.7) lib/rails/rack/logger.rb:36:in `call_app'
railties (5.0.7) lib/rails/rack/logger.rb:24:in `block in call'
activesupport (5.0.7) lib/active_support/tagged_logging.rb:69:in `block in tagged'
activesupport (5.0.7) lib/active_support/tagged_logging.rb:26:in `tagged'
activesupport (5.0.7) lib/active_support/tagged_logging.rb:69:in `tagged'
railties (5.0.7) lib/rails/rack/logger.rb:24:in `call'
sprockets-rails (3.2.1) lib/sprockets/rails/quiet_assets.rb:13:in `call'
actionpack (5.0.7) lib/action_dispatch/middleware/request_id.rb:24:in `call'
rack (2.0.5) lib/rack/method_override.rb:22:in `call'
rack (2.0.5) lib/rack/runtime.rb:22:in `call'
activesupport (5.0.7) lib/active_support/cache/strategy/local_cache_middleware.rb:28:in `call'
actionpack (5.0.7) lib/action_dispatch/middleware/executor.rb:12:in `call'
actionpack (5.0.7) lib/action_dispatch/middleware/static.rb:136:in `call'
rack (2.0.5) lib/rack/sendfile.rb:111:in `call'
railties (5.0.7) lib/rails/engine.rb:522:in `call'
puma (3.12.0) lib/puma/configuration.rb:225:in `call'
puma (3.12.0) lib/puma/server.rb:658:in `handle_request'
puma (3.12.0) lib/puma/server.rb:472:in `process_client'
puma (3.12.0) lib/puma/server.rb:332:in `block in run'
puma (3.12.0) lib/puma/thread_pool.rb:133:in `block in spawn_thread'
  Rendering /home/hyezzi/.rbenv/versions/2.4.0/lib/ruby/gems/2.4.0/gems/actionpack-5.0.7/lib/action_dispatch/middleware/templates/rescues/routing_error.html.erb within rescues/layout
  Rendering /home/hyezzi/.rbenv/versions/2.4.0/lib/ruby/gems/2.4.0/gems/actionpack-5.0.7/lib/action_dispatch/middleware/templates/rescues/_trace.html.erb
  Rendered /home/hyezzi/.rbenv/versions/2.4.0/lib/ruby/gems/2.4.0/gems/actionpack-5.0.7/lib/action_dispatch/middleware/templates/rescues/_trace.html.erb (3.2ms)
  Rendered collection of /home/hyezzi/.rbenv/versions/2.4.0/lib/ruby/gems/2.4.0/gems/actionpack-5.0.7/lib/action_dispatch/middleware/templates/routes/_route.html.erb [2 times] (4.5ms)
  Rendered /home/hyezzi/.rbenv/versions/2.4.0/lib/ruby/gems/2.4.0/gems/actionpack-5.0.7/lib/action_dispatch/middleware/templates/routes/_table.html.erb (120.9ms)
  Rendering /home/hyezzi/.rbenv/versions/2.4.0/lib/ruby/gems/2.4.0/gems/actionpack-5.0.7/lib/action_dispatch/middleware/templates/rescues/_request_and_response.html.erb
  Rendered /home/hyezzi/.rbenv/versions/2.4.0/lib/ruby/gems/2.4.0/gems/actionpack-5.0.7/lib/action_dispatch/middleware/templates/rescues/_request_and_response.html.erb (4.8ms)
  Rendered /home/hyezzi/.rbenv/versions/2.4.0/lib/ruby/gems/2.4.0/gems/actionpack-5.0.7/lib/action_dispatch/middleware/templates/rescues/routing_error.html.erb within rescues/layout (568.3ms)
Started GET "/" for 127.0.0.1 at 2018-07-21 00:27:40 +0900
Processing by HomeController#index as HTML
  Rendering home/index.html.erb within layouts/application
  Rendered home/index.html.erb within layouts/application (10.5ms)
Completed 200 OK in 257ms (Views: 111.4ms | ActiveRecord: 0.0ms)


Started GET "/imageSource" for 127.0.0.1 at 2018-07-21 00:27:41 +0900
  
ActionController::RoutingError (No route matches [GET] "/imageSource"):
  
actionpack (5.0.7) lib/action_dispatch/middleware/debug_exceptions.rb:53:in `call'
web-console (3.6.2) lib/web_console/middleware.rb:135:in `call_app'
web-console (3.6.2) lib/web_console/middleware.rb:30:in `block in call'
web-console (3.6.2) lib/web_console/middleware.rb:20:in `catch'
web-console (3.6.2) lib/web_console/middleware.rb:20:in `call'
actionpack (5.0.7) lib/action_dispatch/middleware/show_exceptions.rb:31:in `call'
railties (5.0.7) lib/rails/rack/logger.rb:36:in `call_app'
railties (5.0.7) lib/rails/rack/logger.rb:24:in `block in call'
activesupport (5.0.7) lib/active_support/tagged_logging.rb:69:in `block in tagged'
activesupport (5.0.7) lib/active_support/tagged_logging.rb:26:in `tagged'
activesupport (5.0.7) lib/active_support/tagged_logging.rb:69:in `tagged'
railties (5.0.7) lib/rails/rack/logger.rb:24:in `call'
sprockets-rails (3.2.1) lib/sprockets/rails/quiet_assets.rb:13:in `call'
actionpack (5.0.7) lib/action_dispatch/middleware/request_id.rb:24:in `call'
rack (2.0.5) lib/rack/method_override.rb:22:in `call'
rack (2.0.5) lib/rack/runtime.rb:22:in `call'
activesupport (5.0.7) lib/active_support/cache/strategy/local_cache_middleware.rb:28:in `call'
actionpack (5.0.7) lib/action_dispatch/middleware/executor.rb:12:in `call'
actionpack (5.0.7) lib/action_dispatch/middleware/static.rb:136:in `call'
rack (2.0.5) lib/rack/sendfile.rb:111:in `call'
railties (5.0.7) lib/rails/engine.rb:522:in `call'
puma (3.12.0) lib/puma/configuration.rb:225:in `call'
puma (3.12.0) lib/puma/server.rb:658:in `handle_request'
puma (3.12.0) lib/puma/server.rb:472:in `process_client'
puma (3.12.0) lib/puma/server.rb:332:in `block in run'
puma (3.12.0) lib/puma/thread_pool.rb:133:in `block in spawn_thread'
  Rendering /home/hyezzi/.rbenv/versions/2.4.0/lib/ruby/gems/2.4.0/gems/actionpack-5.0.7/lib/action_dispatch/middleware/templates/rescues/routing_error.html.erb within rescues/layout
  Rendering /home/hyezzi/.rbenv/versions/2.4.0/lib/ruby/gems/2.4.0/gems/actionpack-5.0.7/lib/action_dispatch/middleware/templates/rescues/_trace.html.erb
  Rendered /home/hyezzi/.rbenv/versions/2.4.0/lib/ruby/gems/2.4.0/gems/actionpack-5.0.7/lib/action_dispatch/middleware/templates/rescues/_trace.html.erb (1.3ms)
  Rendered collection of /home/hyezzi/.rbenv/versions/2.4.0/lib/ruby/gems/2.4.0/gems/actionpack-5.0.7/lib/action_dispatch/middleware/templates/routes/_route.html.erb [2 times] (3.2ms)
  Rendered /home/hyezzi/.rbenv/versions/2.4.0/lib/ruby/gems/2.4.0/gems/actionpack-5.0.7/lib/action_dispatch/middleware/templates/routes/_table.html.erb (1.9ms)
  Rendering /home/hyezzi/.rbenv/versions/2.4.0/lib/ruby/gems/2.4.0/gems/actionpack-5.0.7/lib/action_dispatch/middleware/templates/rescues/_request_and_response.html.erb
  Rendered /home/hyezzi/.rbenv/versions/2.4.0/lib/ruby/gems/2.4.0/gems/actionpack-5.0.7/lib/action_dispatch/middleware/templates/rescues/_request_and_response.html.erb (1.8ms)
  Rendered /home/hyezzi/.rbenv/versions/2.4.0/lib/ruby/gems/2.4.0/gems/actionpack-5.0.7/lib/action_dispatch/middleware/templates/rescues/routing_error.html.erb within rescues/layout (270.9ms)
Started GET "/" for 127.0.0.1 at 2018-07-21 00:30:29 +0900
Processing by HomeController#index as HTML
  Rendering home/index.html.erb within layouts/application
  Rendered home/index.html.erb within layouts/application (15.2ms)
Completed 200 OK in 439ms (Views: 148.6ms | ActiveRecord: 0.0ms)


Started GET "/" for 127.0.0.1 at 2018-07-21 00:31:26 +0900
Processing by HomeController#index as HTML
  Rendering home/index.html.erb within layouts/application
  Rendered home/index.html.erb within layouts/application (0.9ms)
Completed 500 Internal Server Error in 219ms (ActiveRecord: 0.0ms)


  
SyntaxError (/mnt/c/Users/Hyejin/Desktop/myapp2/day2_2/app/views/home/index.html.erb:7: unterminated string meets end of file
/mnt/c/Users/Hyejin/Desktop/myapp2/day2_2/app/views/home/index.html.erb:7: syntax error, unexpected end-of-input, expecting ')'):
  
app/views/home/index.html.erb:7: unterminated string meets end of file
app/views/home/index.html.erb:7: syntax error, unexpected end-of-input, expecting ')'
  Rendering /home/hyezzi/.rbenv/versions/2.4.0/lib/ruby/gems/2.4.0/gems/actionpack-5.0.7/lib/action_dispatch/middleware/templates/rescues/diagnostics.html.erb within rescues/layout
  Rendering /home/hyezzi/.rbenv/versions/2.4.0/lib/ruby/gems/2.4.0/gems/actionpack-5.0.7/lib/action_dispatch/middleware/templates/rescues/_source.html.erb
  Rendered /home/hyezzi/.rbenv/versions/2.4.0/lib/ruby/gems/2.4.0/gems/actionpack-5.0.7/lib/action_dispatch/middleware/templates/rescues/_source.html.erb (11.0ms)
  Rendering /home/hyezzi/.rbenv/versions/2.4.0/lib/ruby/gems/2.4.0/gems/actionpack-5.0.7/lib/action_dispatch/middleware/templates/rescues/_trace.html.erb
  Rendered /home/hyezzi/.rbenv/versions/2.4.0/lib/ruby/gems/2.4.0/gems/actionpack-5.0.7/lib/action_dispatch/middleware/templates/rescues/_trace.html.erb (2.9ms)
  Rendering /home/hyezzi/.rbenv/versions/2.4.0/lib/ruby/gems/2.4.0/gems/actionpack-5.0.7/lib/action_dispatch/middleware/templates/rescues/_request_and_response.html.erb
  Rendered /home/hyezzi/.rbenv/versions/2.4.0/lib/ruby/gems/2.4.0/gems/actionpack-5.0.7/lib/action_dispatch/middleware/templates/rescues/_request_and_response.html.erb (3.1ms)
  Rendered /home/hyezzi/.rbenv/versions/2.4.0/lib/ruby/gems/2.4.0/gems/actionpack-5.0.7/lib/action_dispatch/middleware/templates/rescues/diagnostics.html.erb within rescues/layout (297.5ms)
Started GET "/" for 127.0.0.1 at 2018-07-21 00:31:53 +0900
Processing by HomeController#index as HTML
  Rendering home/index.html.erb within layouts/application
  Rendered home/index.html.erb within layouts/application (7.4ms)
Completed 200 OK in 430ms (Views: 113.2ms | ActiveRecord: 0.0ms)


Started GET "/" for 127.0.0.1 at 2018-07-21 00:34:56 +0900
Processing by HomeController#index as HTML
  Rendering home/index.html.erb within layouts/application
  Rendered home/index.html.erb within layouts/application (2192.8ms)
Completed 500 Internal Server Error in 2380ms (ActiveRecord: 0.0ms)


  
ActionView::Template::Error (undefined local variable or method `img' for #<#<Class:0x007fffdcc8b9a8>:0x007f6bd4f26600>):
     5:     <div>
     6:         <!--이미지-->
     7:         <p><%=image_tag(r.css('a//img').attr('src'))%></p>
     8:         <p><%=img[r.css('a//img').attr('src')]%></p>
     9:         <!--가게이름-->
    10:         <p><%=r.css('.restaurant-list-content//div//h3//a').inner_text%></p>
    11:         <!--주소-->
  
app/views/home/index.html.erb:8:in `block in _app_views_home_index_html_erb__1180707892689313401_70050555443380'
app/views/home/index.html.erb:4:in `_app_views_home_index_html_erb__1180707892689313401_70050555443380'
  Rendering /home/hyezzi/.rbenv/versions/2.4.0/lib/ruby/gems/2.4.0/gems/actionpack-5.0.7/lib/action_dispatch/middleware/templates/rescues/template_error.html.erb within rescues/layout
  Rendering /home/hyezzi/.rbenv/versions/2.4.0/lib/ruby/gems/2.4.0/gems/actionpack-5.0.7/lib/action_dispatch/middleware/templates/rescues/_source.html.erb
  Rendered /home/hyezzi/.rbenv/versions/2.4.0/lib/ruby/gems/2.4.0/gems/actionpack-5.0.7/lib/action_dispatch/middleware/templates/rescues/_source.html.erb (4.8ms)
  Rendering /home/hyezzi/.rbenv/versions/2.4.0/lib/ruby/gems/2.4.0/gems/actionpack-5.0.7/lib/action_dispatch/middleware/templates/rescues/_trace.html.erb
  Rendered /home/hyezzi/.rbenv/versions/2.4.0/lib/ruby/gems/2.4.0/gems/actionpack-5.0.7/lib/action_dispatch/middleware/templates/rescues/_trace.html.erb (2.5ms)
  Rendering /home/hyezzi/.rbenv/versions/2.4.0/lib/ruby/gems/2.4.0/gems/actionpack-5.0.7/lib/action_dispatch/middleware/templates/rescues/_request_and_response.html.erb
  Rendered /home/hyezzi/.rbenv/versions/2.4.0/lib/ruby/gems/2.4.0/gems/actionpack-5.0.7/lib/action_dispatch/middleware/templates/rescues/_request_and_response.html.erb (1.0ms)
  Rendered /home/hyezzi/.rbenv/versions/2.4.0/lib/ruby/gems/2.4.0/gems/actionpack-5.0.7/lib/action_dispatch/middleware/templates/rescues/template_error.html.erb within rescues/layout (191.0ms)
Started GET "/" for 127.0.0.1 at 2018-07-21 00:36:06 +0900
Processing by HomeController#index as HTML
  Rendering home/index.html.erb within layouts/application
  Rendered home/index.html.erb within layouts/application (1334.0ms)
Completed 500 Internal Server Error in 1597ms (ActiveRecord: 0.0ms)


  
ActionView::Template::Error (undefined local variable or method `img' for #<#<Class:0x007fffdcc8b9a8>:0x007f6bd496ea28>):
     5:     <div>
     6:         <!--이미지-->
     7:         <p><%=r.css('a//img').attr('src')%></p>
     8:         <p><%=img[r.css('a//img').attr('src')]%></p>
     9:         <!--가게이름-->
    10:         <p><%=r.css('.restaurant-list-content//div//h3//a').inner_text%></p>
    11:         <!--주소-->
  
app/views/home/index.html.erb:8:in `block in _app_views_home_index_html_erb__1180707892689313401_70050552445680'
app/views/home/index.html.erb:4:in `_app_views_home_index_html_erb__1180707892689313401_70050552445680'
  Rendering /home/hyezzi/.rbenv/versions/2.4.0/lib/ruby/gems/2.4.0/gems/actionpack-5.0.7/lib/action_dispatch/middleware/templates/rescues/template_error.html.erb within rescues/layout
  Rendering /home/hyezzi/.rbenv/versions/2.4.0/lib/ruby/gems/2.4.0/gems/actionpack-5.0.7/lib/action_dispatch/middleware/templates/rescues/_source.html.erb
  Rendered /home/hyezzi/.rbenv/versions/2.4.0/lib/ruby/gems/2.4.0/gems/actionpack-5.0.7/lib/action_dispatch/middleware/templates/rescues/_source.html.erb (4.9ms)
  Rendering /home/hyezzi/.rbenv/versions/2.4.0/lib/ruby/gems/2.4.0/gems/actionpack-5.0.7/lib/action_dispatch/middleware/templates/rescues/_trace.html.erb
  Rendered /home/hyezzi/.rbenv/versions/2.4.0/lib/ruby/gems/2.4.0/gems/actionpack-5.0.7/lib/action_dispatch/middleware/templates/rescues/_trace.html.erb (1.8ms)
  Rendering /home/hyezzi/.rbenv/versions/2.4.0/lib/ruby/gems/2.4.0/gems/actionpack-5.0.7/lib/action_dispatch/middleware/templates/rescues/_request_and_response.html.erb
  Rendered /home/hyezzi/.rbenv/versions/2.4.0/lib/ruby/gems/2.4.0/gems/actionpack-5.0.7/lib/action_dispatch/middleware/templates/rescues/_request_and_response.html.erb (1.0ms)
  Rendered /home/hyezzi/.rbenv/versions/2.4.0/lib/ruby/gems/2.4.0/gems/actionpack-5.0.7/lib/action_dispatch/middleware/templates/rescues/template_error.html.erb within rescues/layout (185.1ms)
Started GET "/" for 127.0.0.1 at 2018-07-21 00:36:14 +0900
Processing by HomeController#index as HTML
  Rendering home/index.html.erb within layouts/application
  Rendered home/index.html.erb within layouts/application (9.1ms)
Completed 200 OK in 296ms (Views: 147.7ms | ActiveRecord: 0.0ms)


Started GET "/" for 127.0.0.1 at 2018-07-21 00:37:46 +0900
Processing by HomeController#index as HTML
  Rendering home/index.html.erb within layouts/application
  Rendered home/index.html.erb within layouts/application (25.0ms)
Completed 200 OK in 290ms (Views: 131.7ms | ActiveRecord: 0.0ms)


Started GET "/images/%7B:url=%3E" for 127.0.0.1 at 2018-07-21 00:37:47 +0900
  
ActionController::RoutingError (No route matches [GET] "/images/%7B:url=%3E"):
  
actionpack (5.0.7) lib/action_dispatch/middleware/debug_exceptions.rb:53:in `call'
web-console (3.6.2) lib/web_console/middleware.rb:135:in `call_app'
web-console (3.6.2) lib/web_console/middleware.rb:30:in `block in call'
web-console (3.6.2) lib/web_console/middleware.rb:20:in `catch'
web-console (3.6.2) lib/web_console/middleware.rb:20:in `call'
actionpack (5.0.7) lib/action_dispatch/middleware/show_exceptions.rb:31:in `call'
railties (5.0.7) lib/rails/rack/logger.rb:36:in `call_app'
railties (5.0.7) lib/rails/rack/logger.rb:24:in `block in call'
activesupport (5.0.7) lib/active_support/tagged_logging.rb:69:in `block in tagged'
activesupport (5.0.7) lib/active_support/tagged_logging.rb:26:in `tagged'
activesupport (5.0.7) lib/active_support/tagged_logging.rb:69:in `tagged'
railties (5.0.7) lib/rails/rack/logger.rb:24:in `call'
sprockets-rails (3.2.1) lib/sprockets/rails/quiet_assets.rb:13:in `call'
actionpack (5.0.7) lib/action_dispatch/middleware/request_id.rb:24:in `call'
rack (2.0.5) lib/rack/method_override.rb:22:in `call'
rack (2.0.5) lib/rack/runtime.rb:22:in `call'
activesupport (5.0.7) lib/active_support/cache/strategy/local_cache_middleware.rb:28:in `call'
actionpack (5.0.7) lib/action_dispatch/middleware/executor.rb:12:in `call'
actionpack (5.0.7) lib/action_dispatch/middleware/static.rb:136:in `call'
rack (2.0.5) lib/rack/sendfile.rb:111:in `call'
railties (5.0.7) lib/rails/engine.rb:522:in `call'
puma (3.12.0) lib/puma/configuration.rb:225:in `call'
puma (3.12.0) lib/puma/server.rb:658:in `handle_request'
puma (3.12.0) lib/puma/server.rb:472:in `process_client'
puma (3.12.0) lib/puma/server.rb:332:in `block in run'
puma (3.12.0) lib/puma/thread_pool.rb:133:in `block in spawn_thread'
  Rendering /home/hyezzi/.rbenv/versions/2.4.0/lib/ruby/gems/2.4.0/gems/actionpack-5.0.7/lib/action_dispatch/middleware/templates/rescues/routing_error.html.erb within rescues/layout
  Rendering /home/hyezzi/.rbenv/versions/2.4.0/lib/ruby/gems/2.4.0/gems/actionpack-5.0.7/lib/action_dispatch/middleware/templates/rescues/_trace.html.erb
  Rendered /home/hyezzi/.rbenv/versions/2.4.0/lib/ruby/gems/2.4.0/gems/actionpack-5.0.7/lib/action_dispatch/middleware/templates/rescues/_trace.html.erb (0.9ms)
  Rendered collection of /home/hyezzi/.rbenv/versions/2.4.0/lib/ruby/gems/2.4.0/gems/actionpack-5.0.7/lib/action_dispatch/middleware/templates/routes/_route.html.erb [2 times] (1.8ms)
  Rendered /home/hyezzi/.rbenv/versions/2.4.0/lib/ruby/gems/2.4.0/gems/actionpack-5.0.7/lib/action_dispatch/middleware/templates/routes/_table.html.erb (1.2ms)
  Rendering /home/hyezzi/.rbenv/versions/2.4.0/lib/ruby/gems/2.4.0/gems/actionpack-5.0.7/lib/action_dispatch/middleware/templates/rescues/_request_and_response.html.erb
  Rendered /home/hyezzi/.rbenv/versions/2.4.0/lib/ruby/gems/2.4.0/gems/actionpack-5.0.7/lib/action_dispatch/middleware/templates/rescues/_request_and_response.html.erb (1.4ms)
  Rendered /home/hyezzi/.rbenv/versions/2.4.0/lib/ruby/gems/2.4.0/gems/actionpack-5.0.7/lib/action_dispatch/middleware/templates/rescues/routing_error.html.erb within rescues/layout (214.7ms)
Started GET "/" for 127.0.0.1 at 2018-07-21 00:38:28 +0900
Processing by HomeController#index as HTML
  Rendering home/index.html.erb within layouts/application
  Rendered home/index.html.erb within layouts/application (5.6ms)
Completed 200 OK in 247ms (Views: 99.7ms | ActiveRecord: 0.0ms)


Started GET "/" for 127.0.0.1 at 2018-07-21 00:39:08 +0900
Processing by HomeController#index as HTML
  Rendering home/index.html.erb within layouts/application
  Rendered home/index.html.erb within layouts/application (10.1ms)
Completed 200 OK in 350ms (Views: 185.3ms | ActiveRecord: 0.0ms)


Started GET "/" for 127.0.0.1 at 2018-07-21 00:40:45 +0900
Processing by HomeController#index as HTML
  Rendering home/index.html.erb within layouts/application
  Rendered home/index.html.erb within layouts/application (17.0ms)
Completed 200 OK in 382ms (Views: 207.3ms | ActiveRecord: 0.0ms)


Started GET "/" for 127.0.0.1 at 2018-07-21 00:41:17 +0900
Processing by HomeController#index as HTML
  Rendering home/index.html.erb within layouts/application
  Rendered home/index.html.erb within layouts/application (12.2ms)
Completed 200 OK in 326ms (Views: 130.3ms | ActiveRecord: 0.0ms)


Started GET "/" for 127.0.0.1 at 2018-07-21 00:41:27 +0900
Processing by HomeController#index as HTML
  Rendering home/index.html.erb within layouts/application
  Rendered home/index.html.erb within layouts/application (11.4ms)
Completed 200 OK in 355ms (Views: 158.7ms | ActiveRecord: 0.0ms)


Started GET "/" for 127.0.0.1 at 2018-07-21 00:41:37 +0900
Processing by HomeController#index as HTML
  Rendering home/index.html.erb within layouts/application
  Rendered home/index.html.erb within layouts/application (6.7ms)
Completed 200 OK in 356ms (Views: 123.1ms | ActiveRecord: 0.0ms)


Started GET "/" for 127.0.0.1 at 2018-07-21 00:41:44 +0900
Processing by HomeController#index as HTML
  Rendering home/index.html.erb within layouts/application
  Rendered home/index.html.erb within layouts/application (9.7ms)
Completed 200 OK in 299ms (Views: 134.0ms | ActiveRecord: 0.0ms)


Started GET "/" for 127.0.0.1 at 2018-07-21 00:41:58 +0900
Processing by HomeController#index as HTML
  Rendering home/index.html.erb within layouts/application
  Rendered home/index.html.erb within layouts/application (11.6ms)
Completed 200 OK in 315ms (Views: 138.4ms | ActiveRecord: 0.0ms)


Started GET "/" for 127.0.0.1 at 2018-07-21 00:42:15 +0900
Processing by HomeController#index as HTML
  Rendering home/index.html.erb within layouts/application
  Rendered home/index.html.erb within layouts/application (14.5ms)
Completed 200 OK in 298ms (Views: 145.1ms | ActiveRecord: 0.0ms)


Started GET "/" for 127.0.0.1 at 2018-07-21 00:42:57 +0900
Processing by HomeController#index as HTML
  Rendering home/index.html.erb within layouts/application
  Rendered home/index.html.erb within layouts/application (32.2ms)
Completed 200 OK in 1163ms (Views: 625.3ms | ActiveRecord: 0.0ms)


Started GET "/" for 127.0.0.1 at 2018-07-21 00:43:38 +0900
Processing by HomeController#index as HTML
  Rendering home/index.html.erb within layouts/application
  Rendered home/index.html.erb within layouts/application (14.1ms)
Completed 200 OK in 350ms (Views: 167.6ms | ActiveRecord: 0.0ms)


Started GET "/" for 127.0.0.1 at 2018-07-21 00:43:56 +0900
Processing by HomeController#index as HTML
  Rendering home/index.html.erb within layouts/application
  Rendered home/index.html.erb within layouts/application (14.7ms)
Completed 200 OK in 310ms (Views: 138.7ms | ActiveRecord: 0.0ms)


Started GET "/" for 127.0.0.1 at 2018-07-21 00:44:06 +0900
Processing by HomeController#index as HTML
  Rendering home/index.html.erb within layouts/application
  Rendered home/index.html.erb within layouts/application (13.1ms)
Completed 200 OK in 361ms (Views: 176.9ms | ActiveRecord: 0.0ms)


Started GET "/" for 127.0.0.1 at 2018-07-21 00:45:08 +0900
Processing by HomeController#index as HTML
  Rendering home/index.html.erb within layouts/application
  Rendered home/index.html.erb within layouts/application (10.4ms)
Completed 200 OK in 515ms (Views: 352.5ms | ActiveRecord: 0.0ms)


Started GET "/" for 127.0.0.1 at 2018-07-21 00:48:17 +0900
Processing by HomeController#index as HTML
  Rendering home/index.html.erb within layouts/application
  Rendered home/index.html.erb within layouts/application (7.9ms)
Completed 200 OK in 263ms (Views: 106.5ms | ActiveRecord: 0.0ms)


Started GET "/" for 127.0.0.1 at 2018-07-21 00:49:11 +0900
Processing by HomeController#index as HTML
  Rendering home/index.html.erb within layouts/application
  Rendered home/index.html.erb within layouts/application (12.9ms)
Completed 200 OK in 644ms (Views: 229.0ms | ActiveRecord: 0.0ms)


Started GET "/" for 127.0.0.1 at 2018-07-21 00:49:13 +0900
Processing by HomeController#index as HTML
  Rendering home/index.html.erb within layouts/application
  Rendered home/index.html.erb within layouts/application (9.2ms)
Completed 200 OK in 289ms (Views: 117.5ms | ActiveRecord: 0.0ms)


Started GET "/" for 127.0.0.1 at 2018-07-21 00:49:22 +0900
Processing by HomeController#index as HTML
  Rendering home/index.html.erb within layouts/application
  Rendered home/index.html.erb within layouts/application (16.3ms)
Completed 200 OK in 480ms (Views: 278.7ms | ActiveRecord: 0.0ms)


Started GET "/" for 127.0.0.1 at 2018-07-21 00:49:33 +0900
Processing by HomeController#index as HTML
  Rendering home/index.html.erb within layouts/application
  Rendered home/index.html.erb within layouts/application (13.9ms)
Completed 200 OK in 642ms (Views: 421.1ms | ActiveRecord: 0.0ms)


Started GET "/" for 127.0.0.1 at 2018-07-21 00:50:46 +0900
Processing by HomeController#index as HTML
  Rendering home/index.html.erb within layouts/application
  Rendered home/index.html.erb within layouts/application (1.8ms)
Completed 500 Internal Server Error in 267ms (ActiveRecord: 0.0ms)


  
SyntaxError (/mnt/c/Users/Hyejin/Desktop/myapp2/day2_2/app/views/home/index.html.erb:6: syntax error, unexpected ',', expecting ')'
 (r.css('a//img').attr('src'), class: "r-image"));@output_bu
                              ^
/mnt/c/Users/Hyejin/Desktop/myapp2/day2_2/app/views/home/index.html.erb:6: syntax error, unexpected ')', expecting keyword_end
ttr('src'), class: "r-image"));@output_buffer.safe_append='<
                              ^
/mnt/c/Users/Hyejin/Desktop/myapp2/day2_2/app/views/home/index.html.erb:17: syntax error, unexpected keyword_ensure, expecting end-of-input
          ensure
                ^):
  
app/views/home/index.html.erb:6: syntax error, unexpected ',', expecting ')'
app/views/home/index.html.erb:6: syntax error, unexpected ')', expecting keyword_end
app/views/home/index.html.erb:17: syntax error, unexpected keyword_ensure, expecting end-of-input
  Rendering /home/hyezzi/.rbenv/versions/2.4.0/lib/ruby/gems/2.4.0/gems/actionpack-5.0.7/lib/action_dispatch/middleware/templates/rescues/diagnostics.html.erb within rescues/layout
  Rendering /home/hyezzi/.rbenv/versions/2.4.0/lib/ruby/gems/2.4.0/gems/actionpack-5.0.7/lib/action_dispatch/middleware/templates/rescues/_source.html.erb
  Rendered /home/hyezzi/.rbenv/versions/2.4.0/lib/ruby/gems/2.4.0/gems/actionpack-5.0.7/lib/action_dispatch/middleware/templates/rescues/_source.html.erb (5.9ms)
  Rendering /home/hyezzi/.rbenv/versions/2.4.0/lib/ruby/gems/2.4.0/gems/actionpack-5.0.7/lib/action_dispatch/middleware/templates/rescues/_trace.html.erb
  Rendered /home/hyezzi/.rbenv/versions/2.4.0/lib/ruby/gems/2.4.0/gems/actionpack-5.0.7/lib/action_dispatch/middleware/templates/rescues/_trace.html.erb (2.5ms)
  Rendering /home/hyezzi/.rbenv/versions/2.4.0/lib/ruby/gems/2.4.0/gems/actionpack-5.0.7/lib/action_dispatch/middleware/templates/rescues/_request_and_response.html.erb
  Rendered /home/hyezzi/.rbenv/versions/2.4.0/lib/ruby/gems/2.4.0/gems/actionpack-5.0.7/lib/action_dispatch/middleware/templates/rescues/_request_and_response.html.erb (1.3ms)
  Rendered /home/hyezzi/.rbenv/versions/2.4.0/lib/ruby/gems/2.4.0/gems/actionpack-5.0.7/lib/action_dispatch/middleware/templates/rescues/diagnostics.html.erb within rescues/layout (369.6ms)
Started GET "/" for 127.0.0.1 at 2018-07-21 00:51:08 +0900
Processing by HomeController#index as HTML
  Rendering home/index.html.erb within layouts/application
  Rendered home/index.html.erb within layouts/application (9.6ms)
Completed 200 OK in 633ms (Views: 442.8ms | ActiveRecord: 0.0ms)


Started GET "/" for 127.0.0.1 at 2018-07-21 00:51:30 +0900
Processing by HomeController#index as HTML
  Rendering home/index.html.erb within layouts/application
  Rendered home/index.html.erb within layouts/application (11.8ms)
Completed 200 OK in 412ms (Views: 245.7ms | ActiveRecord: 0.0ms)


Started GET "/" for 127.0.0.1 at 2018-07-21 00:52:03 +0900
Processing by HomeController#index as HTML
  Rendering home/index.html.erb within layouts/application
  Rendered home/index.html.erb within layouts/application (7.2ms)
Completed 200 OK in 321ms (Views: 129.7ms | ActiveRecord: 0.0ms)


Started GET "/" for 127.0.0.1 at 2018-07-21 00:52:11 +0900
Processing by HomeController#index as HTML
  Rendering home/index.html.erb within layouts/application
  Rendered home/index.html.erb within layouts/application (9.6ms)
Completed 200 OK in 305ms (Views: 137.3ms | ActiveRecord: 0.0ms)


Started GET "/" for 127.0.0.1 at 2018-07-21 00:53:05 +0900
Processing by HomeController#index as HTML
  Rendering home/index.html.erb within layouts/application
  Rendered home/index.html.erb within layouts/application (13.9ms)
Completed 200 OK in 409ms (Views: 258.8ms | ActiveRecord: 0.0ms)


Started GET "/" for 127.0.0.1 at 2018-07-21 00:53:10 +0900
Processing by HomeController#index as HTML
  Rendering home/index.html.erb within layouts/application
  Rendered home/index.html.erb within layouts/application (212.8ms)
Completed 200 OK in 472ms (Views: 339.0ms | ActiveRecord: 0.0ms)


Started GET "/" for 127.0.0.1 at 2018-07-21 00:53:16 +0900
Processing by HomeController#index as HTML
  Rendering home/index.html.erb within layouts/application
  Rendered home/index.html.erb within layouts/application (11.2ms)
Completed 200 OK in 704ms (Views: 486.2ms | ActiveRecord: 0.0ms)


Started GET "/" for 127.0.0.1 at 2018-07-21 00:53:23 +0900
Processing by HomeController#index as HTML
  Rendering home/index.html.erb within layouts/application
  Rendered home/index.html.erb within layouts/application (22.4ms)
Completed 200 OK in 549ms (Views: 318.3ms | ActiveRecord: 0.0ms)


Started GET "/" for 127.0.0.1 at 2018-07-21 00:53:36 +0900
Processing by HomeController#index as HTML
  Rendering home/index.html.erb within layouts/application
  Rendered home/index.html.erb within layouts/application (10.7ms)
Completed 200 OK in 475ms (Views: 255.2ms | ActiveRecord: 0.0ms)


Started GET "/" for 127.0.0.1 at 2018-07-21 00:54:39 +0900
Processing by HomeController#index as HTML
  Rendering home/index.html.erb within layouts/application
  Rendered home/index.html.erb within layouts/application (5.8ms)
Completed 200 OK in 250ms (Views: 96.4ms | ActiveRecord: 0.0ms)


Started GET "/" for 127.0.0.1 at 2018-07-21 00:54:49 +0900
Processing by HomeController#index as HTML
  Rendering home/index.html.erb within layouts/application
  Rendered home/index.html.erb within layouts/application (15.4ms)
Completed 200 OK in 681ms (Views: 509.9ms | ActiveRecord: 0.0ms)


Started GET "/" for 127.0.0.1 at 2018-07-21 00:56:01 +0900
Processing by HomeController#index as HTML
  Rendering home/index.html.erb within layouts/application
  Rendered home/index.html.erb within layouts/application (8.3ms)
Completed 200 OK in 364ms (Views: 223.4ms | ActiveRecord: 0.0ms)


Started GET "/" for 127.0.0.1 at 2018-07-21 00:56:49 +0900
Processing by HomeController#index as HTML
  Rendering home/index.html.erb within layouts/application
  Rendered home/index.html.erb within layouts/application (10.4ms)
Completed 200 OK in 503ms (Views: 340.6ms | ActiveRecord: 0.0ms)


Started GET "/" for 127.0.0.1 at 2018-07-21 00:56:57 +0900
Processing by HomeController#index as HTML
  Rendering home/index.html.erb within layouts/application
  Rendered home/index.html.erb within layouts/application (6.7ms)
Completed 200 OK in 513ms (Views: 320.0ms | ActiveRecord: 0.0ms)


Started GET "/" for 127.0.0.1 at 2018-07-21 00:57:18 +0900
Processing by HomeController#index as HTML
  Rendering home/index.html.erb within layouts/application
  Rendered home/index.html.erb within layouts/application (6.5ms)
Completed 200 OK in 588ms (Views: 409.4ms | ActiveRecord: 0.0ms)


Started GET "/" for 127.0.0.1 at 2018-07-21 00:57:27 +0900
Processing by HomeController#index as HTML
  Rendering home/index.html.erb within layouts/application
  Rendered home/index.html.erb within layouts/application (12.8ms)
Completed 200 OK in 627ms (Views: 391.1ms | ActiveRecord: 0.0ms)


Started GET "/" for 127.0.0.1 at 2018-07-21 00:57:45 +0900
Processing by HomeController#index as HTML
  Rendering home/index.html.erb within layouts/application
  Rendered home/index.html.erb within layouts/application (9.1ms)
Completed 200 OK in 594ms (Views: 401.1ms | ActiveRecord: 0.0ms)


Started GET "/" for 127.0.0.1 at 2018-07-21 00:57:55 +0900
Processing by HomeController#index as HTML
  Rendering home/index.html.erb within layouts/application
  Rendered home/index.html.erb within layouts/application (8.6ms)
Completed 200 OK in 484ms (Views: 321.1ms | ActiveRecord: 0.0ms)


Started GET "/" for 127.0.0.1 at 2018-07-21 00:58:34 +0900
Processing by HomeController#index as HTML
  Rendering home/index.html.erb within layouts/application
  Rendered home/index.html.erb within layouts/application (12.0ms)
Completed 200 OK in 548ms (Views: 323.8ms | ActiveRecord: 0.0ms)


Started GET "/" for 127.0.0.1 at 2018-07-21 01:00:23 +0900
Processing by HomeController#index as HTML
  Rendering home/index.html.erb within layouts/application
  Rendered home/index.html.erb within layouts/application (13.9ms)
Completed 200 OK in 593ms (Views: 472.6ms | ActiveRecord: 0.0ms)


Started GET "/" for 127.0.0.1 at 2018-07-21 01:01:20 +0900
Processing by HomeController#index as HTML
  Rendering home/index.html.erb within layouts/application
  Rendered home/index.html.erb within layouts/application (9.8ms)
Completed 200 OK in 636ms (Views: 465.0ms | ActiveRecord: 0.0ms)


Started GET "/" for 127.0.0.1 at 2018-07-21 01:01:30 +0900
Processing by HomeController#index as HTML
  Rendering home/index.html.erb within layouts/application
  Rendered home/index.html.erb within layouts/application (10.0ms)
Completed 200 OK in 299ms (Views: 165.2ms | ActiveRecord: 0.0ms)


Started GET "/" for 127.0.0.1 at 2018-07-21 01:05:05 +0900
Processing by HomeController#index as HTML
  Rendering home/index.html.erb within layouts/application
  Rendered home/index.html.erb within layouts/application (11.6ms)
Completed 200 OK in 665ms (Views: 502.0ms | ActiveRecord: 0.0ms)


Started GET "/" for 127.0.0.1 at 2018-07-21 01:05:13 +0900
Processing by HomeController#index as HTML
  Rendering home/index.html.erb within layouts/application
  Rendered home/index.html.erb within layouts/application (209.6ms)
Completed 200 OK in 513ms (Views: 323.0ms | ActiveRecord: 0.0ms)


Started GET "/" for 127.0.0.1 at 2018-07-21 01:08:21 +0900
Processing by HomeController#index as HTML
  Rendering home/index.html.erb within layouts/application
  Rendered home/index.html.erb within layouts/application (8.5ms)
Completed 200 OK in 622ms (Views: 416.3ms | ActiveRecord: 0.0ms)


Started GET "/" for 127.0.0.1 at 2018-07-21 01:08:32 +0900
Processing by HomeController#index as HTML
  Rendering home/index.html.erb within layouts/application
  Rendered home/index.html.erb within layouts/application (11.3ms)
Completed 200 OK in 724ms (Views: 537.4ms | ActiveRecord: 0.0ms)


Started GET "/" for 127.0.0.1 at 2018-07-21 01:08:39 +0900
Processing by HomeController#index as HTML
  Rendering home/index.html.erb within layouts/application
  Rendered home/index.html.erb within layouts/application (10.2ms)
Completed 200 OK in 585ms (Views: 135.7ms | ActiveRecord: 0.0ms)


Started GET "/" for 127.0.0.1 at 2018-07-21 01:09:14 +0900
Processing by HomeController#index as HTML
  Rendering home/index.html.erb within layouts/application
  Rendered home/index.html.erb within layouts/application (11.7ms)
Completed 200 OK in 583ms (Views: 407.6ms | ActiveRecord: 0.0ms)


Started GET "/" for 127.0.0.1 at 2018-07-21 01:10:11 +0900
Processing by HomeController#index as HTML
  Rendering home/index.html.erb within layouts/application
  Rendered home/index.html.erb within layouts/application (10.9ms)
Completed 200 OK in 396ms (Views: 232.9ms | ActiveRecord: 0.0ms)


Started GET "/" for 127.0.0.1 at 2018-07-21 01:10:18 +0900
Processing by HomeController#index as HTML
  Rendering home/index.html.erb within layouts/application
  Rendered home/index.html.erb within layouts/application (10.0ms)
Completed 200 OK in 366ms (Views: 214.2ms | ActiveRecord: 0.0ms)


Started GET "/" for 127.0.0.1 at 2018-07-21 01:10:26 +0900
Processing by HomeController#index as HTML
  Rendering home/index.html.erb within layouts/application
  Rendered home/index.html.erb within layouts/application (7.5ms)
Completed 200 OK in 605ms (Views: 429.0ms | ActiveRecord: 0.0ms)


Started GET "/" for 127.0.0.1 at 2018-07-21 01:10:59 +0900
Processing by HomeController#index as HTML
  Rendering home/index.html.erb within layouts/application
  Rendered home/index.html.erb within layouts/application (12.2ms)
Completed 200 OK in 755ms (Views: 519.9ms | ActiveRecord: 0.0ms)


Started GET "/" for 127.0.0.1 at 2018-07-21 01:11:18 +0900
Processing by HomeController#index as HTML
  Rendering home/index.html.erb within layouts/application
  Rendered home/index.html.erb within layouts/application (22.2ms)
Completed 200 OK in 684ms (Views: 495.0ms | ActiveRecord: 0.0ms)


Started GET "/" for 127.0.0.1 at 2018-07-21 01:13:50 +0900
Processing by HomeController#index as HTML
  Rendering home/index.html.erb within layouts/application
  Rendered home/index.html.erb within layouts/application (7.4ms)
Completed 200 OK in 558ms (Views: 415.6ms | ActiveRecord: 0.0ms)


Started GET "/" for 127.0.0.1 at 2018-07-21 01:16:45 +0900
Processing by HomeController#index as HTML
  Rendering home/index.html.erb within layouts/application
  Rendered home/index.html.erb within layouts/application (8.5ms)
Completed 200 OK in 619ms (Views: 455.2ms | ActiveRecord: 0.0ms)


Started GET "/" for 127.0.0.1 at 2018-07-21 01:16:52 +0900
Processing by HomeController#index as HTML
  Rendering home/index.html.erb within layouts/application
  Rendered home/index.html.erb within layouts/application (16.6ms)
Completed 200 OK in 585ms (Views: 397.3ms | ActiveRecord: 0.0ms)


Started GET "/" for 127.0.0.1 at 2018-07-21 01:17:34 +0900
Processing by HomeController#index as HTML
  Rendering home/index.html.erb within layouts/application
  Rendered home/index.html.erb within layouts/application (10.5ms)
Completed 200 OK in 649ms (Views: 480.3ms | ActiveRecord: 0.0ms)


Started GET "/" for 127.0.0.1 at 2018-07-21 01:17:42 +0900
Processing by HomeController#index as HTML
  Rendering home/index.html.erb within layouts/application
  Rendered home/index.html.erb within layouts/application (10.8ms)
Completed 200 OK in 707ms (Views: 463.1ms | ActiveRecord: 0.0ms)


Started GET "/" for 127.0.0.1 at 2018-07-21 01:17:56 +0900
Processing by HomeController#index as HTML
  Rendering home/index.html.erb within layouts/application
  Rendered home/index.html.erb within layouts/application (10.5ms)
Completed 200 OK in 723ms (Views: 474.2ms | ActiveRecord: 0.0ms)


Started GET "/" for 127.0.0.1 at 2018-07-21 01:18:29 +0900
Processing by HomeController#index as HTML
  Rendering home/index.html.erb within layouts/application
  Rendered home/index.html.erb within layouts/application (9.8ms)
Completed 200 OK in 603ms (Views: 464.7ms | ActiveRecord: 0.0ms)


Started GET "/" for 127.0.0.1 at 2018-07-21 01:18:57 +0900
Processing by HomeController#index as HTML
  Rendering home/index.html.erb within layouts/application
  Rendered home/index.html.erb within layouts/application (7.2ms)
Completed 200 OK in 403ms (Views: 245.8ms | ActiveRecord: 0.0ms)


Started GET "/" for 127.0.0.1 at 2018-07-21 01:19:21 +0900
Processing by HomeController#index as HTML
  Rendering home/index.html.erb within layouts/application
  Rendered home/index.html.erb within layouts/application (10.1ms)
Completed 200 OK in 644ms (Views: 430.3ms | ActiveRecord: 0.0ms)


Started GET "/" for 127.0.0.1 at 2018-07-21 01:20:35 +0900
Processing by HomeController#index as HTML
  Rendering home/index.html.erb within layouts/application
  Rendered home/index.html.erb within layouts/application (12.4ms)
Completed 200 OK in 586ms (Views: 432.9ms | ActiveRecord: 0.0ms)


Started GET "/" for 127.0.0.1 at 2018-07-21 01:20:43 +0900
Processing by HomeController#index as HTML
  Rendering home/index.html.erb within layouts/application
  Rendered home/index.html.erb within layouts/application (9.5ms)
Completed 200 OK in 587ms (Views: 449.2ms | ActiveRecord: 0.0ms)


Started GET "/" for 127.0.0.1 at 2018-07-21 01:21:43 +0900
Processing by HomeController#index as HTML
  Rendering home/index.html.erb within layouts/application
  Rendered home/index.html.erb within layouts/application (11.6ms)
Completed 200 OK in 492ms (Views: 336.5ms | ActiveRecord: 0.0ms)


Started GET "/" for 127.0.0.1 at 2018-07-21 01:21:46 +0900
Processing by HomeController#index as HTML
  Rendering home/index.html.erb within layouts/application
  Rendered home/index.html.erb within layouts/application (17.2ms)
Completed 200 OK in 600ms (Views: 431.8ms | ActiveRecord: 0.0ms)


Started GET "/" for 127.0.0.1 at 2018-07-21 01:22:11 +0900
Processing by HomeController#index as HTML
  Rendering home/index.html.erb within layouts/application
  Rendered home/index.html.erb within layouts/application (16.7ms)
Completed 200 OK in 504ms (Views: 305.6ms | ActiveRecord: 0.0ms)


Started GET "/" for 127.0.0.1 at 2018-07-21 01:23:57 +0900
Processing by HomeController#index as HTML
  Rendering home/index.html.erb within layouts/application
  Rendered home/index.html.erb within layouts/application (12.3ms)
Completed 200 OK in 745ms (Views: 533.0ms | ActiveRecord: 0.0ms)


Started GET "/" for 127.0.0.1 at 2018-07-21 01:25:08 +0900
Processing by HomeController#index as HTML
  Rendering home/index.html.erb within layouts/application
  Rendered home/index.html.erb within layouts/application (10.4ms)
Completed 200 OK in 277ms (Views: 135.5ms | ActiveRecord: 0.0ms)


Started GET "/" for 127.0.0.1 at 2018-07-21 01:26:15 +0900
Processing by HomeController#index as HTML
  Rendering home/index.html.erb within layouts/application
  Rendered home/index.html.erb within layouts/application (11.1ms)
Completed 200 OK in 408ms (Views: 246.6ms | ActiveRecord: 0.0ms)


Started GET "/" for 127.0.0.1 at 2018-07-21 01:26:21 +0900
Processing by HomeController#index as HTML
  Rendering home/index.html.erb within layouts/application
  Rendered home/index.html.erb within layouts/application (7.8ms)
Completed 200 OK in 444ms (Views: 114.6ms | ActiveRecord: 0.0ms)


Started GET "/" for 127.0.0.1 at 2018-07-21 01:26:28 +0900
Processing by HomeController#index as HTML
  Rendering home/index.html.erb within layouts/application
  Rendered home/index.html.erb within layouts/application (204.6ms)
Completed 200 OK in 487ms (Views: 332.1ms | ActiveRecord: 0.0ms)


Started GET "/" for 127.0.0.1 at 2018-07-21 01:28:18 +0900
Processing by HomeController#index as HTML
  Rendering home/index.html.erb within layouts/application
  Rendered home/index.html.erb within layouts/application (208.7ms)
Completed 200 OK in 766ms (Views: 470.4ms | ActiveRecord: 0.0ms)


Started GET "/" for 127.0.0.1 at 2018-07-21 01:29:32 +0900
Processing by HomeController#index as HTML
  Rendering home/index.html.erb within layouts/application
  Rendered home/index.html.erb within layouts/application (7.1ms)
Completed 200 OK in 444ms (Views: 303.5ms | ActiveRecord: 0.0ms)


Started GET "/" for 127.0.0.1 at 2018-07-21 01:31:31 +0900
Processing by HomeController#index as HTML
  Rendering home/index.html.erb within layouts/application
  Rendered home/index.html.erb within layouts/application (7.3ms)
Completed 200 OK in 424ms (Views: 288.9ms | ActiveRecord: 0.0ms)


Started GET "/" for 127.0.0.1 at 2018-07-21 01:31:40 +0900
Processing by HomeController#index as HTML
  Rendering home/index.html.erb within layouts/application
  Rendered home/index.html.erb within layouts/application (8.6ms)
Completed 200 OK in 611ms (Views: 317.2ms | ActiveRecord: 0.0ms)


Started GET "/" for 127.0.0.1 at 2018-07-21 01:32:08 +0900
Processing by HomeController#index as HTML
  Rendering home/index.html.erb within layouts/application
  Rendered home/index.html.erb within layouts/application (6.9ms)
Completed 200 OK in 634ms (Views: 305.0ms | ActiveRecord: 0.0ms)


Started GET "/" for 127.0.0.1 at 2018-07-21 01:32:33 +0900
Processing by HomeController#index as HTML
  Rendering home/index.html.erb within layouts/application
  Rendered home/index.html.erb within layouts/application (11.1ms)
Completed 200 OK in 619ms (Views: 327.3ms | ActiveRecord: 0.0ms)


Started GET "/" for 127.0.0.1 at 2018-07-21 01:32:53 +0900
Processing by HomeController#index as HTML
  Rendering home/index.html.erb within layouts/application
  Rendered home/index.html.erb within layouts/application (8.7ms)
Completed 200 OK in 519ms (Views: 312.2ms | ActiveRecord: 0.0ms)


Started GET "/" for 127.0.0.1 at 2018-07-21 01:33:58 +0900
Processing by HomeController#index as HTML
  Rendering home/index.html.erb within layouts/application
  Rendered home/index.html.erb within layouts/application (10.5ms)
Completed 200 OK in 576ms (Views: 416.8ms | ActiveRecord: 0.0ms)


Started GET "/" for 127.0.0.1 at 2018-07-21 01:34:16 +0900
Processing by HomeController#index as HTML
  Rendering home/index.html.erb within layouts/application
  Rendered home/index.html.erb within layouts/application (7.0ms)
Completed 200 OK in 555ms (Views: 422.3ms | ActiveRecord: 0.0ms)


Started GET "/" for 127.0.0.1 at 2018-07-21 01:34:48 +0900
Processing by HomeController#index as HTML
  Rendering home/index.html.erb within layouts/application
  Rendered home/index.html.erb within layouts/application (10.7ms)
Completed 200 OK in 411ms (Views: 242.3ms | ActiveRecord: 0.0ms)


Started GET "/" for 127.0.0.1 at 2018-07-21 01:35:33 +0900
Processing by HomeController#index as HTML
  Rendering home/index.html.erb within layouts/application
  Rendered home/index.html.erb within layouts/application (204.1ms)
Completed 200 OK in 606ms (Views: 444.5ms | ActiveRecord: 0.0ms)


Started GET "/" for 127.0.0.1 at 2018-07-21 01:36:46 +0900
Processing by HomeController#index as HTML
  Rendering home/index.html.erb within layouts/application
  Rendered home/index.html.erb within layouts/application (9.8ms)
Completed 200 OK in 706ms (Views: 506.1ms | ActiveRecord: 0.0ms)


Started GET "/" for 127.0.0.1 at 2018-07-21 01:37:58 +0900
Processing by HomeController#index as HTML
  Rendering home/index.html.erb within layouts/application
  Rendered home/index.html.erb within layouts/application (7.6ms)
Completed 200 OK in 653ms (Views: 480.8ms | ActiveRecord: 0.0ms)


Started GET "/" for 127.0.0.1 at 2018-07-21 01:37:59 +0900
Processing by HomeController#index as HTML
  Rendering home/index.html.erb within layouts/application
  Rendered home/index.html.erb within layouts/application (8.6ms)
Completed 200 OK in 511ms (Views: 358.2ms | ActiveRecord: 0.0ms)


Started GET "/" for 127.0.0.1 at 2018-07-21 01:39:09 +0900
Processing by HomeController#index as HTML
  Rendering home/index.html.erb within layouts/application
  Rendered home/index.html.erb within layouts/application (7.3ms)
Completed 200 OK in 447ms (Views: 267.4ms | ActiveRecord: 0.0ms)


Started GET "/" for 127.0.0.1 at 2018-07-21 01:39:55 +0900
Processing by HomeController#index as HTML
  Rendering home/index.html.erb within layouts/application
  Rendered home/index.html.erb within layouts/application (7.1ms)
Completed 200 OK in 588ms (Views: 420.7ms | ActiveRecord: 0.0ms)


Started GET "/" for 127.0.0.1 at 2018-07-21 01:39:58 +0900
Processing by HomeController#index as HTML
  Rendering home/index.html.erb within layouts/application
  Rendered home/index.html.erb within layouts/application (11.0ms)
Completed 200 OK in 452ms (Views: 287.7ms | ActiveRecord: 0.0ms)


Started GET "/" for 127.0.0.1 at 2018-07-21 01:40:13 +0900
Processing by HomeController#index as HTML
  Rendering home/index.html.erb within layouts/application
  Rendered home/index.html.erb within layouts/application (9.0ms)
Completed 200 OK in 611ms (Views: 455.2ms | ActiveRecord: 0.0ms)


Started GET "/" for 127.0.0.1 at 2018-07-21 01:40:32 +0900
Processing by HomeController#index as HTML
  Rendering home/index.html.erb within layouts/application
  Rendered home/index.html.erb within layouts/application (9.2ms)
Completed 200 OK in 417ms (Views: 238.2ms | ActiveRecord: 0.0ms)


Started GET "/" for 127.0.0.1 at 2018-07-21 01:44:33 +0900
Processing by HomeController#index as HTML
  Rendering home/index.html.erb within layouts/application
  Rendered home/index.html.erb within layouts/application (9.0ms)
Completed 200 OK in 642ms (Views: 505.1ms | ActiveRecord: 0.0ms)


Started GET "/" for 127.0.0.1 at 2018-07-21 01:45:20 +0900
Processing by HomeController#index as HTML
  Rendering home/index.html.erb within layouts/application
  Rendered home/index.html.erb within layouts/application (7.6ms)
Completed 200 OK in 663ms (Views: 470.9ms | ActiveRecord: 0.0ms)


Started GET "/" for 127.0.0.1 at 2018-07-21 01:45:43 +0900
Processing by HomeController#index as HTML
  Rendering home/index.html.erb within layouts/application
  Rendered home/index.html.erb within layouts/application (7.9ms)
Completed 200 OK in 499ms (Views: 341.5ms | ActiveRecord: 0.0ms)


Started GET "/" for 127.0.0.1 at 2018-07-21 01:46:39 +0900
Processing by HomeController#index as HTML
  Rendering home/index.html.erb within layouts/application
  Rendered home/index.html.erb within layouts/application (14.1ms)
Completed 200 OK in 627ms (Views: 480.8ms | ActiveRecord: 0.0ms)


Started GET "/" for 127.0.0.1 at 2018-07-21 01:49:57 +0900
Processing by HomeController#index as HTML
Started GET "/" for 127.0.0.1 at 2018-07-21 01:50:01 +0900
Processing by HomeController#index as HTML
  Rendering home/index.html.erb within layouts/application
  Rendered home/index.html.erb within layouts/application (10.5ms)
Completed 200 OK in 603ms (Views: 437.4ms | ActiveRecord: 0.0ms)


  Rendering home/index.html.erb within layouts/application
  Rendered home/index.html.erb within layouts/application (15.8ms)
Completed 200 OK in 5530ms (Views: 379.9ms | ActiveRecord: 0.0ms)


Started GET "/" for 127.0.0.1 at 2018-07-21 01:50:21 +0900
Processing by HomeController#index as HTML
  Rendering home/index.html.erb within layouts/application
  Rendered home/index.html.erb within layouts/application (6.9ms)
Completed 200 OK in 636ms (Views: 412.9ms | ActiveRecord: 0.0ms)


Started GET "/" for 127.0.0.1 at 2018-07-21 01:50:39 +0900
Processing by HomeController#index as HTML
  Rendering home/index.html.erb within layouts/application
  Rendered home/index.html.erb within layouts/application (192.8ms)
Completed 200 OK in 642ms (Views: 441.6ms | ActiveRecord: 0.0ms)


Started GET "/" for 127.0.0.1 at 2018-07-21 01:50:41 +0900
Processing by HomeController#index as HTML
  Rendering home/index.html.erb within layouts/application
  Rendered home/index.html.erb within layouts/application (10.2ms)
Completed 200 OK in 471ms (Views: 299.4ms | ActiveRecord: 0.0ms)


Started GET "/" for 127.0.0.1 at 2018-07-21 01:50:46 +0900
Processing by HomeController#index as HTML
  Rendering home/index.html.erb within layouts/application
  Rendered home/index.html.erb within layouts/application (11.1ms)
Completed 200 OK in 586ms (Views: 442.0ms | ActiveRecord: 0.0ms)


Started GET "/" for 127.0.0.1 at 2018-07-21 01:50:48 +0900
Processing by HomeController#index as HTML
  Rendering home/index.html.erb within layouts/application
  Rendered home/index.html.erb within layouts/application (9.4ms)
Completed 200 OK in 481ms (Views: 303.7ms | ActiveRecord: 0.0ms)


Started GET "/" for 127.0.0.1 at 2018-07-21 01:50:54 +0900
Processing by HomeController#index as HTML
  Rendering home/index.html.erb within layouts/application
  Rendered home/index.html.erb within layouts/application (6.5ms)
Completed 200 OK in 423ms (Views: 285.2ms | ActiveRecord: 0.0ms)


Started GET "/" for 127.0.0.1 at 2018-07-21 01:54:00 +0900
Processing by HomeController#index as HTML
  Rendering home/index.html.erb within layouts/application
  Rendered home/index.html.erb within layouts/application (10.2ms)
Completed 200 OK in 617ms (Views: 479.1ms | ActiveRecord: 0.0ms)


Started GET "/" for 127.0.0.1 at 2018-07-21 01:54:08 +0900
Processing by HomeController#index as HTML
  Rendering home/index.html.erb within layouts/application
  Rendered home/index.html.erb within layouts/application (10.1ms)
Completed 200 OK in 5618ms (Views: 462.6ms | ActiveRecord: 0.0ms)


Started GET "/" for 127.0.0.1 at 2018-07-21 01:54:27 +0900
Processing by HomeController#index as HTML
  Rendering home/index.html.erb within layouts/application
  Rendered home/index.html.erb within layouts/application (12.3ms)
Completed 200 OK in 580ms (Views: 381.7ms | ActiveRecord: 0.0ms)


Started GET "/" for 127.0.0.1 at 2018-07-21 01:55:45 +0900
Processing by HomeController#index as HTML
  Rendering home/index.html.erb within layouts/application
  Rendered home/index.html.erb within layouts/application (9.6ms)
Completed 200 OK in 604ms (Views: 458.6ms | ActiveRecord: 0.0ms)


Started GET "/" for 127.0.0.1 at 2018-07-21 01:56:02 +0900
Processing by HomeController#index as HTML
  Rendering home/index.html.erb within layouts/application
  Rendered home/index.html.erb within layouts/application (25.0ms)
Completed 200 OK in 711ms (Views: 500.1ms | ActiveRecord: 0.0ms)


Started GET "/" for 127.0.0.1 at 2018-07-21 01:56:11 +0900
Processing by HomeController#index as HTML
  Rendering home/index.html.erb within layouts/application
  Rendered home/index.html.erb within layouts/application (13.2ms)
Completed 200 OK in 609ms (Views: 491.5ms | ActiveRecord: 0.0ms)


Started GET "/" for 127.0.0.1 at 2018-07-21 01:56:18 +0900
Processing by HomeController#index as HTML
  Rendering home/index.html.erb within layouts/application
  Rendered home/index.html.erb within layouts/application (9.8ms)
Completed 200 OK in 476ms (Views: 270.4ms | ActiveRecord: 0.0ms)


Started GET "/" for 127.0.0.1 at 2018-07-21 01:56:30 +0900
Processing by HomeController#index as HTML
  Rendering home/index.html.erb within layouts/application
  Rendered home/index.html.erb within layouts/application (11.7ms)
Completed 200 OK in 596ms (Views: 242.8ms | ActiveRecord: 0.0ms)


Started GET "/" for 127.0.0.1 at 2018-07-21 01:57:32 +0900
Processing by HomeController#index as HTML
  Rendering home/index.html.erb within layouts/application
  Rendered home/index.html.erb within layouts/application (14.9ms)
Completed 200 OK in 613ms (Views: 416.4ms | ActiveRecord: 0.0ms)


Started GET "/" for 127.0.0.1 at 2018-07-21 01:58:30 +0900
Processing by HomeController#index as HTML
  Rendering home/index.html.erb within layouts/application
  Rendered home/index.html.erb within layouts/application (9.8ms)
Completed 200 OK in 512ms (Views: 340.7ms | ActiveRecord: 0.0ms)


Started GET "/" for 127.0.0.1 at 2018-07-21 01:58:41 +0900
Processing by HomeController#index as HTML
  Rendering home/index.html.erb within layouts/application
  Rendered home/index.html.erb within layouts/application (7.9ms)
Completed 200 OK in 557ms (Views: 393.2ms | ActiveRecord: 0.0ms)


Started GET "/" for 127.0.0.1 at 2018-07-21 01:59:04 +0900
Processing by HomeController#index as HTML
  Rendering home/index.html.erb within layouts/application
  Rendered home/index.html.erb within layouts/application (10.7ms)
Completed 200 OK in 580ms (Views: 397.5ms | ActiveRecord: 0.0ms)


Started GET "/" for 127.0.0.1 at 2018-07-21 01:59:08 +0900
Processing by HomeController#index as HTML
  Rendering home/index.html.erb within layouts/application
  Rendered home/index.html.erb within layouts/application (7.9ms)
Completed 200 OK in 506ms (Views: 329.6ms | ActiveRecord: 0.0ms)


Started GET "/" for 127.0.0.1 at 2018-07-21 01:59:26 +0900
Processing by HomeController#index as HTML
  Rendering home/index.html.erb within layouts/application
  Rendered home/index.html.erb within layouts/application (11.7ms)
Completed 200 OK in 692ms (Views: 468.4ms | ActiveRecord: 0.0ms)


Started GET "/" for 127.0.0.1 at 2018-07-21 01:59:36 +0900
Processing by HomeController#index as HTML
  Rendering home/index.html.erb within layouts/application
  Rendered home/index.html.erb within layouts/application (10.7ms)
Completed 200 OK in 414ms (Views: 189.4ms | ActiveRecord: 0.0ms)


Started GET "/" for 127.0.0.1 at 2018-07-21 01:59:51 +0900
Processing by HomeController#index as HTML
  Rendering home/index.html.erb within layouts/application
  Rendered home/index.html.erb within layouts/application (11.7ms)
Completed 200 OK in 532ms (Views: 332.9ms | ActiveRecord: 0.0ms)


Started GET "/" for 127.0.0.1 at 2018-07-21 02:00:11 +0900
Processing by HomeController#index as HTML
  Rendering home/index.html.erb within layouts/application
  Rendered home/index.html.erb within layouts/application (9.5ms)
Completed 200 OK in 417ms (Views: 246.6ms | ActiveRecord: 0.0ms)


Started GET "/" for 127.0.0.1 at 2018-07-21 02:00:35 +0900
Processing by HomeController#index as HTML
  Rendering home/index.html.erb within layouts/application
  Rendered home/index.html.erb within layouts/application (6.8ms)
Completed 200 OK in 401ms (Views: 219.4ms | ActiveRecord: 0.0ms)


Started GET "/" for 127.0.0.1 at 2018-07-21 02:02:40 +0900
Processing by HomeController#index as HTML
  Rendering home/index.html.erb within layouts/application
  Rendered home/index.html.erb within layouts/application (7.8ms)
Completed 200 OK in 438ms (Views: 252.8ms | ActiveRecord: 0.0ms)


Started GET "/" for 127.0.0.1 at 2018-07-21 02:03:49 +0900
Processing by HomeController#index as HTML
  Rendering home/index.html.erb within layouts/application
  Rendered home/index.html.erb within layouts/application (10.1ms)
Completed 200 OK in 365ms (Views: 233.5ms | ActiveRecord: 0.0ms)


Started GET "/" for 127.0.0.1 at 2018-07-21 02:04:21 +0900
Processing by HomeController#index as HTML
  Rendering home/index.html.erb within layouts/application
  Rendered home/index.html.erb within layouts/application (10.2ms)
Completed 200 OK in 760ms (Views: 256.9ms | ActiveRecord: 0.0ms)


Started GET "/" for 127.0.0.1 at 2018-07-21 02:04:44 +0900
Processing by HomeController#index as HTML
  Rendering home/index.html.erb within layouts/application
  Rendered home/index.html.erb within layouts/application (16.7ms)
Completed 200 OK in 806ms (Views: 615.7ms | ActiveRecord: 0.0ms)


Started GET "/" for 127.0.0.1 at 2018-07-21 02:05:18 +0900
Processing by HomeController#index as HTML
  Rendering home/index.html.erb within layouts/application
  Rendered home/index.html.erb within layouts/application (14.1ms)
Completed 200 OK in 581ms (Views: 464.8ms | ActiveRecord: 0.0ms)


Started GET "/" for 127.0.0.1 at 2018-07-21 02:05:29 +0900
Processing by HomeController#index as HTML
  Rendering home/index.html.erb within layouts/application
  Rendered home/index.html.erb within layouts/application (29.3ms)
Completed 200 OK in 549ms (Views: 352.5ms | ActiveRecord: 0.0ms)


Started GET "/" for 127.0.0.1 at 2018-07-21 02:06:06 +0900
Processing by HomeController#index as HTML
  Rendering home/index.html.erb within layouts/application
  Rendered home/index.html.erb within layouts/application (9.8ms)
Completed 200 OK in 762ms (Views: 517.8ms | ActiveRecord: 0.0ms)


Started GET "/" for 127.0.0.1 at 2018-07-21 02:06:24 +0900
Processing by HomeController#index as HTML
  Rendering home/index.html.erb within layouts/application
  Rendered home/index.html.erb within layouts/application (8.2ms)
Completed 200 OK in 649ms (Views: 434.8ms | ActiveRecord: 0.0ms)


Started GET "/" for 127.0.0.1 at 2018-07-21 02:06:41 +0900
Processing by HomeController#index as HTML
  Rendering home/index.html.erb within layouts/application
  Rendered home/index.html.erb within layouts/application (11.7ms)
Completed 200 OK in 682ms (Views: 478.7ms | ActiveRecord: 0.0ms)


Started GET "/" for 127.0.0.1 at 2018-07-21 02:06:51 +0900
Processing by HomeController#index as HTML
  Rendering home/index.html.erb within layouts/application
  Rendered home/index.html.erb within layouts/application (19.5ms)
Completed 200 OK in 714ms (Views: 541.7ms | ActiveRecord: 0.0ms)


Started GET "/" for 127.0.0.1 at 2018-07-21 02:07:26 +0900
Processing by HomeController#index as HTML
  Rendering home/index.html.erb within layouts/application
  Rendered home/index.html.erb within layouts/application (8.3ms)
Completed 200 OK in 557ms (Views: 380.9ms | ActiveRecord: 0.0ms)


Started GET "/" for 127.0.0.1 at 2018-07-21 02:07:53 +0900
Processing by HomeController#index as HTML
  Rendering home/index.html.erb within layouts/application
  Rendered home/index.html.erb within layouts/application (10.0ms)
Completed 200 OK in 707ms (Views: 440.1ms | ActiveRecord: 0.0ms)


Started GET "/" for 127.0.0.1 at 2018-07-21 02:08:08 +0900
Processing by HomeController#index as HTML
  Rendering home/index.html.erb within layouts/application
  Rendered home/index.html.erb within layouts/application (9.5ms)
Completed 200 OK in 650ms (Views: 513.0ms | ActiveRecord: 0.0ms)


Started GET "/" for 127.0.0.1 at 2018-07-21 02:08:17 +0900
Processing by HomeController#index as HTML
  Rendering home/index.html.erb within layouts/application
  Rendered home/index.html.erb within layouts/application (10.2ms)
Completed 200 OK in 589ms (Views: 384.5ms | ActiveRecord: 0.0ms)


Started GET "/" for 127.0.0.1 at 2018-07-21 02:08:24 +0900
Processing by HomeController#index as HTML
  Rendering home/index.html.erb within layouts/application
  Rendered home/index.html.erb within layouts/application (21.4ms)
Completed 200 OK in 801ms (Views: 632.1ms | ActiveRecord: 0.0ms)


Started GET "/" for 127.0.0.1 at 2018-07-21 02:10:10 +0900
Processing by HomeController#index as HTML
  Rendering home/index.html.erb within layouts/application
  Rendered home/index.html.erb within layouts/application (23.4ms)
Completed 500 Internal Server Error in 505ms (ActiveRecord: 0.0ms)


  
ActionView::Template::Error (undefined method `each' for nil:NilClass):
    17:             </div>
    18:         </div>
    19:     <% end %>
    20:     <% @restaurants2.each do |r| %>
    21:         <div class = "img-and-info">
    22:             <!--이미지-->
    23:             <div class = "background-black"> 
  
app/views/home/index.html.erb:20:in `_app_views_home_index_html_erb___568412454765573445_70003946015560'
  Rendering /home/hyezzi/.rbenv/versions/2.4.0/lib/ruby/gems/2.4.0/gems/actionpack-5.0.7/lib/action_dispatch/middleware/templates/rescues/template_error.html.erb within rescues/layout
  Rendering /home/hyezzi/.rbenv/versions/2.4.0/lib/ruby/gems/2.4.0/gems/actionpack-5.0.7/lib/action_dispatch/middleware/templates/rescues/_source.html.erb
  Rendered /home/hyezzi/.rbenv/versions/2.4.0/lib/ruby/gems/2.4.0/gems/actionpack-5.0.7/lib/action_dispatch/middleware/templates/rescues/_source.html.erb (6.0ms)
  Rendering /home/hyezzi/.rbenv/versions/2.4.0/lib/ruby/gems/2.4.0/gems/actionpack-5.0.7/lib/action_dispatch/middleware/templates/rescues/_trace.html.erb
  Rendered /home/hyezzi/.rbenv/versions/2.4.0/lib/ruby/gems/2.4.0/gems/actionpack-5.0.7/lib/action_dispatch/middleware/templates/rescues/_trace.html.erb (4.1ms)
  Rendering /home/hyezzi/.rbenv/versions/2.4.0/lib/ruby/gems/2.4.0/gems/actionpack-5.0.7/lib/action_dispatch/middleware/templates/rescues/_request_and_response.html.erb
  Rendered /home/hyezzi/.rbenv/versions/2.4.0/lib/ruby/gems/2.4.0/gems/actionpack-5.0.7/lib/action_dispatch/middleware/templates/rescues/_request_and_response.html.erb (1.1ms)
  Rendered /home/hyezzi/.rbenv/versions/2.4.0/lib/ruby/gems/2.4.0/gems/actionpack-5.0.7/lib/action_dispatch/middleware/templates/rescues/template_error.html.erb within rescues/layout (223.6ms)
Started GET "/" for 127.0.0.1 at 2018-07-21 02:10:24 +0900
Processing by HomeController#index as HTML
  Rendering home/index.html.erb within layouts/application
  Rendered home/index.html.erb within layouts/application (14.2ms)
Completed 200 OK in 673ms (Views: 333.4ms | ActiveRecord: 0.0ms)


Started GET "/" for 127.0.0.1 at 2018-07-21 02:11:08 +0900
Processing by HomeController#index as HTML
  Rendering home/index.html.erb within layouts/application
  Rendered home/index.html.erb within layouts/application (12.9ms)
Completed 200 OK in 438ms (Views: 120.4ms | ActiveRecord: 0.0ms)


Started GET "/" for 127.0.0.1 at 2018-07-21 02:13:49 +0900
Processing by HomeController#index as HTML
  Rendering home/index.html.erb within layouts/application
  Rendered home/index.html.erb within layouts/application (32.2ms)
Completed 500 Internal Server Error in 219ms (ActiveRecord: 0.0ms)


  
ActionView::Template::Error (undefined method `each' for nil:NilClass):
    17:             </div>
    18:         </div>
    19:     <% end %>
    20:     <% @restaurants2.each do |r| %>
    21:         <div class = "img-and-info">
    22:             <!--이미지-->
    23:             <div class = "background-black"> 
  
app/views/home/index.html.erb:20:in `_app_views_home_index_html_erb___568412454765573445_70003946685560'
  Rendering /home/hyezzi/.rbenv/versions/2.4.0/lib/ruby/gems/2.4.0/gems/actionpack-5.0.7/lib/action_dispatch/middleware/templates/rescues/template_error.html.erb within rescues/layout
  Rendering /home/hyezzi/.rbenv/versions/2.4.0/lib/ruby/gems/2.4.0/gems/actionpack-5.0.7/lib/action_dispatch/middleware/templates/rescues/_source.html.erb
  Rendered /home/hyezzi/.rbenv/versions/2.4.0/lib/ruby/gems/2.4.0/gems/actionpack-5.0.7/lib/action_dispatch/middleware/templates/rescues/_source.html.erb (8.0ms)
  Rendering /home/hyezzi/.rbenv/versions/2.4.0/lib/ruby/gems/2.4.0/gems/actionpack-5.0.7/lib/action_dispatch/middleware/templates/rescues/_trace.html.erb
  Rendered /home/hyezzi/.rbenv/versions/2.4.0/lib/ruby/gems/2.4.0/gems/actionpack-5.0.7/lib/action_dispatch/middleware/templates/rescues/_trace.html.erb (3.4ms)
  Rendering /home/hyezzi/.rbenv/versions/2.4.0/lib/ruby/gems/2.4.0/gems/actionpack-5.0.7/lib/action_dispatch/middleware/templates/rescues/_request_and_response.html.erb
  Rendered /home/hyezzi/.rbenv/versions/2.4.0/lib/ruby/gems/2.4.0/gems/actionpack-5.0.7/lib/action_dispatch/middleware/templates/rescues/_request_and_response.html.erb (1.1ms)
  Rendered /home/hyezzi/.rbenv/versions/2.4.0/lib/ruby/gems/2.4.0/gems/actionpack-5.0.7/lib/action_dispatch/middleware/templates/rescues/template_error.html.erb within rescues/layout (190.8ms)
Started GET "/" for 127.0.0.1 at 2018-07-21 02:14:56 +0900
Processing by HomeController#index as HTML
  Rendering home/index.html.erb within layouts/application
  Rendered home/index.html.erb within layouts/application (18.4ms)
Completed 200 OK in 785ms (Views: 527.7ms | ActiveRecord: 0.0ms)


Started GET "/" for 127.0.0.1 at 2018-07-21 02:16:09 +0900
Processing by HomeController#index as HTML
  Rendering home/index.html.erb within layouts/application
  Rendered home/index.html.erb within layouts/application (18.7ms)
Completed 200 OK in 865ms (Views: 531.4ms | ActiveRecord: 0.0ms)


Started GET "/" for 127.0.0.1 at 2018-07-21 02:16:26 +0900
Processing by HomeController#index as HTML
  Rendering home/index.html.erb within layouts/application
  Rendered home/index.html.erb within layouts/application (15.6ms)
Completed 200 OK in 719ms (Views: 370.7ms | ActiveRecord: 0.0ms)


Started GET "/" for 127.0.0.1 at 2018-07-21 02:20:30 +0900
Processing by HomeController#index as HTML
  Rendering home/index.html.erb within layouts/application
  Rendered home/index.html.erb within layouts/application (29.5ms)
Completed 500 Internal Server Error in 284ms (ActiveRecord: 0.0ms)


  
ActionView::Template::Error (undefined method `strip' for #<Nokogiri::XML::Attr:0x007f5620a41848>):
    22:         <div class = "img-and-info">
    23:             <!--이미지-->
    24:             <div class = "background-black"> 
    25:                 <%=image_tag(r.css('a//img').attr('src').strip, class: "r-image")%>
    26:             </div>
    27:             <div class = "r-info"> 
    28:                 <!--가게이름-->
  
app/views/home/index.html.erb:25:in `block in _app_views_home_index_html_erb___568412454765573445_70003945989840'
app/views/home/index.html.erb:21:in `_app_views_home_index_html_erb___568412454765573445_70003945989840'
  Rendering /home/hyezzi/.rbenv/versions/2.4.0/lib/ruby/gems/2.4.0/gems/actionpack-5.0.7/lib/action_dispatch/middleware/templates/rescues/template_error.html.erb within rescues/layout
  Rendering /home/hyezzi/.rbenv/versions/2.4.0/lib/ruby/gems/2.4.0/gems/actionpack-5.0.7/lib/action_dispatch/middleware/templates/rescues/_source.html.erb
  Rendered /home/hyezzi/.rbenv/versions/2.4.0/lib/ruby/gems/2.4.0/gems/actionpack-5.0.7/lib/action_dispatch/middleware/templates/rescues/_source.html.erb (8.7ms)
  Rendering /home/hyezzi/.rbenv/versions/2.4.0/lib/ruby/gems/2.4.0/gems/actionpack-5.0.7/lib/action_dispatch/middleware/templates/rescues/_trace.html.erb
  Rendered /home/hyezzi/.rbenv/versions/2.4.0/lib/ruby/gems/2.4.0/gems/actionpack-5.0.7/lib/action_dispatch/middleware/templates/rescues/_trace.html.erb (402.5ms)
  Rendering /home/hyezzi/.rbenv/versions/2.4.0/lib/ruby/gems/2.4.0/gems/actionpack-5.0.7/lib/action_dispatch/middleware/templates/rescues/_request_and_response.html.erb
  Rendered /home/hyezzi/.rbenv/versions/2.4.0/lib/ruby/gems/2.4.0/gems/actionpack-5.0.7/lib/action_dispatch/middleware/templates/rescues/_request_and_response.html.erb (1.2ms)
  Rendered /home/hyezzi/.rbenv/versions/2.4.0/lib/ruby/gems/2.4.0/gems/actionpack-5.0.7/lib/action_dispatch/middleware/templates/rescues/template_error.html.erb within rescues/layout (608.0ms)
Started GET "/" for 127.0.0.1 at 2018-07-21 02:20:46 +0900
Processing by HomeController#index as HTML
  Rendering home/index.html.erb within layouts/application
  Rendered home/index.html.erb within layouts/application (16.8ms)
Completed 200 OK in 809ms (Views: 523.1ms | ActiveRecord: 0.0ms)


Started GET "/" for 127.0.0.1 at 2018-07-21 02:21:16 +0900
Processing by HomeController#index as HTML
  Rendering home/index.html.erb within layouts/application
Started GET "/" for 127.0.0.1 at 2018-07-21 02:21:20 +0900
Processing by HomeController#index as HTML
  Rendered home/index.html.erb within layouts/application (4399.3ms)
Completed 500 Internal Server Error in 4755ms (ActiveRecord: 0.0ms)


  
ActionView::Template::Error (undefined method `type' for #<#<Class:0x007f562a23d048>:0x007f5628e9d010>):
    23:             <!--이미지-->
    24:             <div class = "background-black"> 
    25:                 <%=image_tag(r.css('a//img').attr('src').to_s, class: "r-image")%>
    26:                 <%=type(r.css('a//img').attr('src'))%>
    27:             </div>
    28:             <div class = "r-info"> 
    29:                 <!--가게이름-->
  
app/views/home/index.html.erb:26:in `block in _app_views_home_index_html_erb___568412454765573445_70004015167580'
app/views/home/index.html.erb:21:in `_app_views_home_index_html_erb___568412454765573445_70004015167580'
  Rendering /home/hyezzi/.rbenv/versions/2.4.0/lib/ruby/gems/2.4.0/gems/actionpack-5.0.7/lib/action_dispatch/middleware/templates/rescues/template_error.html.erb within rescues/layout
  Rendering /home/hyezzi/.rbenv/versions/2.4.0/lib/ruby/gems/2.4.0/gems/actionpack-5.0.7/lib/action_dispatch/middleware/templates/rescues/_source.html.erb
  Rendered /home/hyezzi/.rbenv/versions/2.4.0/lib/ruby/gems/2.4.0/gems/actionpack-5.0.7/lib/action_dispatch/middleware/templates/rescues/_source.html.erb (8.0ms)
  Rendering /home/hyezzi/.rbenv/versions/2.4.0/lib/ruby/gems/2.4.0/gems/actionpack-5.0.7/lib/action_dispatch/middleware/templates/rescues/_trace.html.erb
  Rendering home/index.html.erb within layouts/application
  Rendered /home/hyezzi/.rbenv/versions/2.4.0/lib/ruby/gems/2.4.0/gems/actionpack-5.0.7/lib/action_dispatch/middleware/templates/rescues/_trace.html.erb (2.9ms)
  Rendering /home/hyezzi/.rbenv/versions/2.4.0/lib/ruby/gems/2.4.0/gems/actionpack-5.0.7/lib/action_dispatch/middleware/templates/rescues/_request_and_response.html.erb
  Rendered /home/hyezzi/.rbenv/versions/2.4.0/lib/ruby/gems/2.4.0/gems/actionpack-5.0.7/lib/action_dispatch/middleware/templates/rescues/_request_and_response.html.erb (1.9ms)
  Rendered /home/hyezzi/.rbenv/versions/2.4.0/lib/ruby/gems/2.4.0/gems/actionpack-5.0.7/lib/action_dispatch/middleware/templates/rescues/template_error.html.erb within rescues/layout (1122.6ms)
  Rendered home/index.html.erb within layouts/application (1053.8ms)
Completed 500 Internal Server Error in 1783ms (ActiveRecord: 0.0ms)


  
ActionView::Template::Error (undefined method `type' for #<#<Class:0x007f562a23d048>:0x007f562a5709e0>):
    23:             <!--이미지-->
    24:             <div class = "background-black"> 
    25:                 <%=image_tag(r.css('a//img').attr('src').to_s, class: "r-image")%>
    26:                 <%=type(r.css('a//img').attr('src'))%>
    27:             </div>
    28:             <div class = "r-info"> 
    29:                 <!--가게이름-->
  
app/views/home/index.html.erb:26:in `block in _app_views_home_index_html_erb___568412454765573445_70004027132760'
app/views/home/index.html.erb:21:in `_app_views_home_index_html_erb___568412454765573445_70004027132760'
  Rendering /home/hyezzi/.rbenv/versions/2.4.0/lib/ruby/gems/2.4.0/gems/actionpack-5.0.7/lib/action_dispatch/middleware/templates/rescues/template_error.html.erb within rescues/layout
  Rendering /home/hyezzi/.rbenv/versions/2.4.0/lib/ruby/gems/2.4.0/gems/actionpack-5.0.7/lib/action_dispatch/middleware/templates/rescues/_source.html.erb
  Rendered /home/hyezzi/.rbenv/versions/2.4.0/lib/ruby/gems/2.4.0/gems/actionpack-5.0.7/lib/action_dispatch/middleware/templates/rescues/_source.html.erb (8.3ms)
  Rendering /home/hyezzi/.rbenv/versions/2.4.0/lib/ruby/gems/2.4.0/gems/actionpack-5.0.7/lib/action_dispatch/middleware/templates/rescues/_trace.html.erb
  Rendered /home/hyezzi/.rbenv/versions/2.4.0/lib/ruby/gems/2.4.0/gems/actionpack-5.0.7/lib/action_dispatch/middleware/templates/rescues/_trace.html.erb (1.8ms)
  Rendering /home/hyezzi/.rbenv/versions/2.4.0/lib/ruby/gems/2.4.0/gems/actionpack-5.0.7/lib/action_dispatch/middleware/templates/rescues/_request_and_response.html.erb
  Rendered /home/hyezzi/.rbenv/versions/2.4.0/lib/ruby/gems/2.4.0/gems/actionpack-5.0.7/lib/action_dispatch/middleware/templates/rescues/_request_and_response.html.erb (0.9ms)
  Rendered /home/hyezzi/.rbenv/versions/2.4.0/lib/ruby/gems/2.4.0/gems/actionpack-5.0.7/lib/action_dispatch/middleware/templates/rescues/template_error.html.erb within rescues/layout (173.2ms)
Started GET "/" for 127.0.0.1 at 2018-07-21 02:21:34 +0900
Processing by HomeController#index as HTML
  Rendering home/index.html.erb within layouts/application
  Rendered home/index.html.erb within layouts/application (1637.6ms)
Completed 500 Internal Server Error in 1957ms (ActiveRecord: 0.0ms)


  
ActionView::Template::Error (undefined method `typeof' for #<#<Class:0x007f562a23d048>:0x007f562a815d30>):
    23:             <!--이미지-->
    24:             <div class = "background-black"> 
    25:                 <%=image_tag(r.css('a//img').attr('src').to_s, class: "r-image")%>
    26:                 <%=typeof(r.css('a//img').attr('src'))%>
    27:             </div>
    28:             <div class = "r-info"> 
    29:                 <!--가게이름-->
  
app/views/home/index.html.erb:26:in `block in _app_views_home_index_html_erb___568412454765573445_70004028520140'
app/views/home/index.html.erb:21:in `_app_views_home_index_html_erb___568412454765573445_70004028520140'
  Rendering /home/hyezzi/.rbenv/versions/2.4.0/lib/ruby/gems/2.4.0/gems/actionpack-5.0.7/lib/action_dispatch/middleware/templates/rescues/template_error.html.erb within rescues/layout
  Rendering /home/hyezzi/.rbenv/versions/2.4.0/lib/ruby/gems/2.4.0/gems/actionpack-5.0.7/lib/action_dispatch/middleware/templates/rescues/_source.html.erb
  Rendered /home/hyezzi/.rbenv/versions/2.4.0/lib/ruby/gems/2.4.0/gems/actionpack-5.0.7/lib/action_dispatch/middleware/templates/rescues/_source.html.erb (6.0ms)
  Rendering /home/hyezzi/.rbenv/versions/2.4.0/lib/ruby/gems/2.4.0/gems/actionpack-5.0.7/lib/action_dispatch/middleware/templates/rescues/_trace.html.erb
  Rendered /home/hyezzi/.rbenv/versions/2.4.0/lib/ruby/gems/2.4.0/gems/actionpack-5.0.7/lib/action_dispatch/middleware/templates/rescues/_trace.html.erb (2.1ms)
  Rendering /home/hyezzi/.rbenv/versions/2.4.0/lib/ruby/gems/2.4.0/gems/actionpack-5.0.7/lib/action_dispatch/middleware/templates/rescues/_request_and_response.html.erb
  Rendered /home/hyezzi/.rbenv/versions/2.4.0/lib/ruby/gems/2.4.0/gems/actionpack-5.0.7/lib/action_dispatch/middleware/templates/rescues/_request_and_response.html.erb (0.8ms)
  Rendered /home/hyezzi/.rbenv/versions/2.4.0/lib/ruby/gems/2.4.0/gems/actionpack-5.0.7/lib/action_dispatch/middleware/templates/rescues/template_error.html.erb within rescues/layout (183.0ms)
Started GET "/" for 127.0.0.1 at 2018-07-21 02:23:26 +0900
Processing by HomeController#index as HTML
  Rendering home/index.html.erb within layouts/application
  Rendered home/index.html.erb within layouts/application (13.9ms)
Completed 200 OK in 565ms (Views: 227.3ms | ActiveRecord: 0.0ms)


Started GET "/" for 127.0.0.1 at 2018-07-21 02:27:20 +0900
Processing by HomeController#index as HTML
  Rendering home/index.html.erb within layouts/application
  Rendered home/index.html.erb within layouts/application (28.1ms)
Completed 200 OK in 417ms (Views: 143.0ms | ActiveRecord: 0.0ms)


Started GET "/" for 127.0.0.1 at 2018-07-21 02:28:13 +0900
Processing by HomeController#index as HTML
  Rendering home/index.html.erb within layouts/application
  Rendered home/index.html.erb within layouts/application (15.7ms)
Completed 200 OK in 552ms (Views: 220.9ms | ActiveRecord: 0.0ms)


Started GET "/" for 127.0.0.1 at 2018-07-21 02:28:24 +0900
Processing by HomeController#index as HTML
  Rendering home/index.html.erb within layouts/application
  Rendered home/index.html.erb within layouts/application (18.3ms)
Completed 200 OK in 655ms (Views: 216.7ms | ActiveRecord: 0.0ms)


Started GET "/" for 127.0.0.1 at 2018-07-21 02:59:25 +0900
Processing by HomeController#index as HTML
  Rendering home/index.html.erb within layouts/application
  Rendered home/index.html.erb within layouts/application (72.3ms)
Completed 200 OK in 2819ms (Views: 2014.5ms | ActiveRecord: 0.0ms)


